SF:/path/to/ecoPrimals/phase2/loamSpine/bin/loamspine-service/main.rs
FN:113,_RNCNCNvCsl9PbXwrLDqV_17loamspine_service4main00B5_
FN:148,_RNCNCNvCsl9PbXwrLDqV_17loamspine_service4main0s0_0B5_
FN:139,_RNCNCNvCsl9PbXwrLDqV_17loamspine_service4main0s_0B5_
FN:108,_RNCNvCsl9PbXwrLDqV_17loamspine_service4main0B3_
FN:52,_RNCNvMCsl9PbXwrLDqV_17loamspine_serviceNtB4_4Args5parse0B4_
FN:57,_RNCNvMCsl9PbXwrLDqV_17loamspine_serviceNtB4_4Args5parses_0B4_
FN:108,_RNvCsl9PbXwrLDqV_17loamspine_service4main
FN:49,_RNvMCsl9PbXwrLDqV_17loamspine_serviceNtB2_4Args5parse
FNDA:0,_RNCNCNvCsl9PbXwrLDqV_17loamspine_service4main00B5_
FNDA:0,_RNCNCNvCsl9PbXwrLDqV_17loamspine_service4main0s0_0B5_
FNDA:0,_RNCNCNvCsl9PbXwrLDqV_17loamspine_service4main0s_0B5_
FNDA:0,_RNCNvCsl9PbXwrLDqV_17loamspine_service4main0B3_
FNDA:0,_RNCNvMCsl9PbXwrLDqV_17loamspine_serviceNtB4_4Args5parse0B4_
FNDA:0,_RNCNvMCsl9PbXwrLDqV_17loamspine_serviceNtB4_4Args5parses_0B4_
FNDA:0,_RNvCsl9PbXwrLDqV_17loamspine_service4main
FNDA:0,_RNvMCsl9PbXwrLDqV_17loamspine_serviceNtB2_4Args5parse
FNF:8
FNH:0
DA:49,0
DA:50,0
DA:51,0
DA:52,0
DA:53,0
DA:54,0
DA:55,0
DA:56,0
DA:57,0
DA:58,0
DA:59,0
DA:60,0
DA:61,0
DA:62,0
DA:63,0
DA:64,0
DA:65,0
DA:66,0
DA:67,0
DA:69,0
DA:70,0
DA:71,0
DA:72,0
DA:74,0
DA:75,0
DA:76,0
DA:77,0
DA:78,0
DA:79,0
DA:80,0
DA:81,0
DA:82,0
DA:83,0
DA:84,0
DA:85,0
DA:86,0
DA:87,0
DA:88,0
DA:89,0
DA:90,0
DA:93,0
DA:94,0
DA:95,0
DA:100,0
DA:101,0
DA:102,0
DA:103,0
DA:104,0
DA:108,0
DA:109,0
DA:110,0
DA:111,0
DA:112,0
DA:113,0
DA:114,0
DA:115,0
DA:116,0
DA:117,0
DA:118,0
DA:119,0
DA:120,0
DA:121,0
DA:122,0
DA:123,0
DA:124,0
DA:125,0
DA:126,0
DA:127,0
DA:128,0
DA:129,0
DA:130,0
DA:131,0
DA:132,0
DA:133,0
DA:134,0
DA:135,0
DA:136,0
DA:137,0
DA:138,0
DA:139,0
DA:140,0
DA:141,0
DA:142,0
DA:143,0
DA:144,0
DA:145,0
DA:146,0
DA:147,0
DA:148,0
DA:149,0
DA:150,0
DA:151,0
DA:152,0
DA:153,0
DA:154,0
DA:155,0
DA:156,0
DA:157,0
DA:158,0
DA:159,0
DA:160,0
DA:161,0
DA:162,0
DA:163,0
DA:164,0
DA:165,0
DA:166,0
DA:167,0
DA:168,0
DA:169,0
DA:170,0
DA:171,0
DA:172,0
DA:173,0
DA:174,0
DA:175,0
DA:176,0
BRF:0
BRH:0
LF:176
LH:0
end_of_record
SF:/path/to/ecoPrimals/phase2/loamSpine/crates/loam-spine-api/src/error.rs
FN:56,_RNvXNtCs4SaE2cvVVUV_14loam_spine_api5errorNtB2_8ApiErrorINtNtCs9sjCchOt1K7_4core7convert4FromNtNtCskrSqHInbZEk_15loam_spine_core5error14LoamSpineErrorE4from
FN:56,_RNvXNtCs4S1xE8DPCBn_14loam_spine_api5errorNtB2_8ApiErrorINtNtCs9sjCchOt1K7_4core7convert4FromNtNtCskrSqHInbZEk_15loam_spine_core5error14LoamSpineErrorE4from
FN:100,_RNvNtNtCs4S1xE8DPCBn_14loam_spine_api5error5testss_17api_error_display
FN:137,_RNvNtNtCs4S1xE8DPCBn_14loam_spine_api5error5testss_20from_loamspine_error
FN:223,_RNvNtNtCs4S1xE8DPCBn_14loam_spine_api5error5testss_23api_error_serialization
FNDA:1,_RNvXNtCs4SaE2cvVVUV_14loam_spine_api5errorNtB2_8ApiErrorINtNtCs9sjCchOt1K7_4core7convert4FromNtNtCskrSqHInbZEk_15loam_spine_core5error14LoamSpineErrorE4from
FNDA:17,_RNvXNtCs4S1xE8DPCBn_14loam_spine_api5errorNtB2_8ApiErrorINtNtCs9sjCchOt1K7_4core7convert4FromNtNtCskrSqHInbZEk_15loam_spine_core5error14LoamSpineErrorE4from
FNDA:1,_RNvNtNtCs4S1xE8DPCBn_14loam_spine_api5error5testss_17api_error_display
FNDA:1,_RNvNtNtCs4S1xE8DPCBn_14loam_spine_api5error5testss_20from_loamspine_error
FNDA:1,_RNvNtNtCs4S1xE8DPCBn_14loam_spine_api5error5testss_23api_error_serialization
FNF:4
FNH:4
DA:56,18
DA:58,18
DA:59,1
DA:60,2
DA:61,2
DA:63,1
DA:64,2
DA:65,1
DA:67,1
DA:69,1
DA:70,1
DA:72,1
DA:73,1
DA:76,1
DA:77,1
DA:78,1
DA:79,4
DA:81,1
DA:82,1
DA:83,1
DA:84,3
DA:85,1
DA:87,18
DA:100,1
DA:101,1
DA:102,1
DA:104,1
DA:105,1
DA:107,1
DA:108,1
DA:110,1
DA:111,1
DA:113,1
DA:114,1
DA:116,1
DA:117,1
DA:119,1
DA:120,1
DA:122,1
DA:123,1
DA:125,1
DA:126,1
DA:128,1
DA:129,1
DA:131,1
DA:132,1
DA:133,1
DA:137,1
DA:138,1
DA:139,1
DA:140,1
DA:141,1
DA:144,1
DA:145,1
DA:146,1
DA:149,1
DA:150,1
DA:151,1
DA:154,1
DA:155,1
DA:156,1
DA:159,1
DA:160,1
DA:161,1
DA:164,1
DA:165,1
DA:166,1
DA:169,1
DA:170,1
DA:171,1
DA:174,1
DA:175,1
DA:176,1
DA:177,1
DA:178,1
DA:179,1
DA:182,1
DA:183,1
DA:184,1
DA:187,1
DA:188,1
DA:189,1
DA:192,1
DA:193,1
DA:194,1
DA:197,1
DA:198,1
DA:199,1
DA:202,1
DA:203,1
DA:204,1
DA:207,1
DA:208,1
DA:209,1
DA:212,1
DA:213,1
DA:214,1
DA:217,1
DA:218,1
DA:219,1
DA:220,1
DA:223,1
DA:224,1
DA:225,1
DA:226,1
DA:227,1
DA:228,1
BRF:0
BRH:0
LF:107
LH:107
end_of_record
SF:/path/to/ecoPrimals/phase2/loamSpine/crates/loam-spine-api/src/health.rs
FN:185,_RNCNvMNtCs4SaE2cvVVUV_14loam_spine_api6healthNtB4_13HealthChecker12check_health0B6_
FN:238,_RNCNvMNtCs4SaE2cvVVUV_14loam_spine_api6healthNtB4_13HealthChecker15check_readiness0B6_
FN:328,_RNvNtNtCs4S1xE8DPCBn_14loam_spine_api6health5testss_23health_checker_creation
FN:367,_RNvNtNtCs4S1xE8DPCBn_14loam_spine_api6health5testss_27health_status_tracks_uptime
FN:335,_RNvNtNtCs4S1xE8DPCBn_14loam_spine_api6health5testss_27liveness_probe_always_alive
FN:393,_RNvNtNtCs4S1xE8DPCBn_14loam_spine_api6health5testss_28service_status_serialization
FN:350,_RNvNtNtCs4S1xE8DPCBn_14loam_spine_api6health5testss_30health_status_includes_version
FN:357,_RNvNtNtCs4S1xE8DPCBn_14loam_spine_api6health5testss_35health_status_includes_capabilities
FN:342,_RNvNtNtCs4S1xE8DPCBn_14loam_spine_api6health5testss_42readiness_probe_ready_when_storage_healthy
FN:185,_RNCNvMNtCs4S1xE8DPCBn_14loam_spine_api6healthNtB4_13HealthChecker12check_health0B6_
FN:238,_RNCNvMNtCs4S1xE8DPCBn_14loam_spine_api6healthNtB4_13HealthChecker15check_readiness0B6_
FN:185,_RNvMNtCs4S1xE8DPCBn_14loam_spine_api6healthNtB2_13HealthChecker12check_health
FN:259,_RNvMNtCs4S1xE8DPCBn_14loam_spine_api6healthNtB2_13HealthChecker13check_storage
FN:227,_RNvMNtCs4S1xE8DPCBn_14loam_spine_api6healthNtB2_13HealthChecker14check_liveness
FN:275,_RNvMNtCs4S1xE8DPCBn_14loam_spine_api6healthNtB2_13HealthChecker15check_discovery
FN:238,_RNvMNtCs4S1xE8DPCBn_14loam_spine_api6healthNtB2_13HealthChecker15check_readiness
FN:122,_RNvMNtCs4S1xE8DPCBn_14loam_spine_api6healthNtB2_13HealthChecker3new
FN:168,_RNvMNtCs4S1xE8DPCBn_14loam_spine_api6healthNtB2_13HealthChecker11with_checks
FN:146,_RNvMNtCs4S1xE8DPCBn_14loam_spine_api6healthNtB2_13HealthChecker18with_storage_check
FN:284,_RNvXs_NtCs4S1xE8DPCBn_14loam_spine_api6healthNtB4_13HealthCheckerNtNtCs9sjCchOt1K7_4core7default7Default7default
FN:328,_RNCNvNtNtCs4S1xE8DPCBn_14loam_spine_api6health5testss_23health_checker_creation0B7_
FN:367,_RNCNvNtNtCs4S1xE8DPCBn_14loam_spine_api6health5testss_27health_status_tracks_uptime0B7_
FN:335,_RNCNvNtNtCs4S1xE8DPCBn_14loam_spine_api6health5testss_27liveness_probe_always_alive0B7_
FN:350,_RNCNvNtNtCs4S1xE8DPCBn_14loam_spine_api6health5testss_30health_status_includes_version0B7_
FN:357,_RNCNvNtNtCs4S1xE8DPCBn_14loam_spine_api6health5testss_35health_status_includes_capabilities0B7_
FN:342,_RNCNvNtNtCs4S1xE8DPCBn_14loam_spine_api6health5testss_42readiness_probe_ready_when_storage_healthy0B7_
FNDA:0,_RNCNvMNtCs4SaE2cvVVUV_14loam_spine_api6healthNtB4_13HealthChecker12check_health0B6_
FNDA:0,_RNCNvMNtCs4SaE2cvVVUV_14loam_spine_api6healthNtB4_13HealthChecker15check_readiness0B6_
FNDA:1,_RNvNtNtCs4S1xE8DPCBn_14loam_spine_api6health5testss_23health_checker_creation
FNDA:1,_RNvNtNtCs4S1xE8DPCBn_14loam_spine_api6health5testss_27health_status_tracks_uptime
FNDA:1,_RNvNtNtCs4S1xE8DPCBn_14loam_spine_api6health5testss_27liveness_probe_always_alive
FNDA:1,_RNvNtNtCs4S1xE8DPCBn_14loam_spine_api6health5testss_28service_status_serialization
FNDA:1,_RNvNtNtCs4S1xE8DPCBn_14loam_spine_api6health5testss_30health_status_includes_version
FNDA:1,_RNvNtNtCs4S1xE8DPCBn_14loam_spine_api6health5testss_35health_status_includes_capabilities
FNDA:1,_RNvNtNtCs4S1xE8DPCBn_14loam_spine_api6health5testss_42readiness_probe_ready_when_storage_healthy
FNDA:5,_RNCNvMNtCs4S1xE8DPCBn_14loam_spine_api6healthNtB4_13HealthChecker12check_health0B6_
FNDA:1,_RNCNvMNtCs4S1xE8DPCBn_14loam_spine_api6healthNtB4_13HealthChecker15check_readiness0B6_
FNDA:5,_RNvMNtCs4S1xE8DPCBn_14loam_spine_api6healthNtB2_13HealthChecker12check_health
FNDA:6,_RNvMNtCs4S1xE8DPCBn_14loam_spine_api6healthNtB2_13HealthChecker13check_storage
FNDA:1,_RNvMNtCs4S1xE8DPCBn_14loam_spine_api6healthNtB2_13HealthChecker14check_liveness
FNDA:5,_RNvMNtCs4S1xE8DPCBn_14loam_spine_api6healthNtB2_13HealthChecker15check_discovery
FNDA:1,_RNvMNtCs4S1xE8DPCBn_14loam_spine_api6healthNtB2_13HealthChecker15check_readiness
FNDA:6,_RNvMNtCs4S1xE8DPCBn_14loam_spine_api6healthNtB2_13HealthChecker3new
FNDA:0,_RNvMNtCs4S1xE8DPCBn_14loam_spine_api6healthNtB2_13HealthChecker11with_checks
FNDA:0,_RNvMNtCs4S1xE8DPCBn_14loam_spine_api6healthNtB2_13HealthChecker18with_storage_check
FNDA:0,_RNvXs_NtCs4S1xE8DPCBn_14loam_spine_api6healthNtB4_13HealthCheckerNtNtCs9sjCchOt1K7_4core7default7Default7default
FNDA:1,_RNCNvNtNtCs4S1xE8DPCBn_14loam_spine_api6health5testss_23health_checker_creation0B7_
FNDA:1,_RNCNvNtNtCs4S1xE8DPCBn_14loam_spine_api6health5testss_27health_status_tracks_uptime0B7_
FNDA:1,_RNCNvNtNtCs4S1xE8DPCBn_14loam_spine_api6health5testss_27liveness_probe_always_alive0B7_
FNDA:1,_RNCNvNtNtCs4S1xE8DPCBn_14loam_spine_api6health5testss_30health_status_includes_version0B7_
FNDA:1,_RNCNvNtNtCs4S1xE8DPCBn_14loam_spine_api6health5testss_35health_status_includes_capabilities0B7_
FNDA:1,_RNCNvNtNtCs4S1xE8DPCBn_14loam_spine_api6health5testss_42readiness_probe_ready_when_storage_healthy0B7_
FNF:24
FNH:21
DA:122,6
DA:123,6
DA:124,6
DA:125,6
DA:126,6
DA:127,6
DA:128,6
DA:146,0
DA:147,0
DA:148,0
DA:149,0
DA:150,0
DA:151,0
DA:152,0
DA:168,0
DA:169,0
DA:170,0
DA:171,0
DA:172,0
DA:173,0
DA:174,0
DA:175,0
DA:176,0
DA:177,0
DA:185,5
DA:186,5
DA:187,5
DA:188,5
DA:189,5
DA:190,5
DA:193,5
DA:194,5
DA:195,0
DA:196,0
DA:200,5
DA:201,5
DA:202,5
DA:203,5
DA:204,5
DA:205,5
DA:206,5
DA:207,5
DA:208,5
DA:209,5
DA:210,5
DA:211,5
DA:212,5
DA:213,5
DA:214,5
DA:215,5
DA:216,5
DA:217,5
DA:218,5
DA:219,5
DA:220,5
DA:221,5
DA:222,5
DA:223,5
DA:227,1
DA:228,1
DA:229,1
DA:230,1
DA:238,1
DA:239,1
DA:240,1
DA:241,1
DA:242,1
DA:243,1
DA:244,1
DA:245,1
DA:246,1
DA:248,0
DA:249,0
DA:250,0
DA:251,0
DA:253,1
DA:259,6
DA:260,6
DA:261,0
DA:262,6
DA:264,6
DA:275,5
DA:276,5
DA:277,0
DA:278,5
DA:280,5
DA:284,0
DA:285,0
DA:286,0
DA:328,1
DA:329,1
DA:330,1
DA:331,1
DA:332,1
DA:335,1
DA:336,1
DA:337,1
DA:338,1
DA:339,1
DA:342,1
DA:343,1
DA:344,1
DA:345,1
DA:346,1
DA:347,1
DA:350,1
DA:351,1
DA:352,1
DA:353,1
DA:354,1
DA:357,1
DA:358,1
DA:359,1
DA:360,1
DA:361,1
DA:362,1
DA:363,1
DA:364,1
DA:367,1
DA:368,1
DA:369,1
DA:370,1
DA:371,1
DA:372,1
DA:373,1
DA:374,1
DA:375,1
DA:376,1
DA:377,1
DA:378,1
DA:379,1
DA:380,1
DA:381,1
DA:382,1
DA:383,1
DA:384,1
DA:385,1
DA:386,1
DA:387,1
DA:388,1
DA:389,1
DA:390,1
DA:393,1
DA:394,1
DA:395,1
DA:396,1
DA:398,1
DA:399,1
DA:400,1
DA:402,1
DA:403,1
DA:404,1
DA:405,1
BRF:0
BRH:0
LF:193
LH:162
end_of_record
SF:/path/to/ecoPrimals/phase2/loamSpine/crates/loam-spine-api/src/jsonrpc.rs
FN:31,_RINvNtCs4SaE2cvVVUV_14loam_spine_api7jsonrpc12to_rpc_errorNtNtB4_5error8ApiErrorEB4_
FN:362,_RNCNvNtCs4SaE2cvVVUV_14loam_spine_api7jsonrpc18run_jsonrpc_server0B5_
FN:31,_RINvNtCs4S1xE8DPCBn_14loam_spine_api7jsonrpc12to_rpc_errorNtNtB4_5error8ApiErrorEB4_
FN:447,_RNCNCNvNtNtCs4S1xE8DPCBn_14loam_spine_api7jsonrpc5testss_23test_jsonrpc_seal_spine00B9_
FN:416,_RNCNCNvNtNtCs4S1xE8DPCBn_14loam_spine_api7jsonrpc5testss_25test_jsonrpc_create_spine00B9_
FN:400,_RNCNCNvNtNtCs4S1xE8DPCBn_14loam_spine_api7jsonrpc5testss_25test_jsonrpc_health_check00B9_
FN:513,_RNCNCNvNtNtCs4S1xE8DPCBn_14loam_spine_api7jsonrpc5testss_27test_jsonrpc_commit_session00B9_
FN:430,_RNCNCNvNtNtCs4S1xE8DPCBn_14loam_spine_api7jsonrpc5testss_34test_jsonrpc_get_nonexistent_spine00B9_
FN:472,_RNCNCNvNtNtCs4S1xE8DPCBn_14loam_spine_api7jsonrpc5testss_37test_jsonrpc_mint_and_get_certificate00B9_
FN:489,_RNCNCNvNtNtCs4S1xE8DPCBn_14loam_spine_api7jsonrpc5testss_37test_jsonrpc_mint_and_get_certificate0s_0B9_
FN:435,_RNCNvNtNtCs4S1xE8DPCBn_14loam_spine_api7jsonrpc5testss_23test_jsonrpc_seal_spine0B7_
FN:405,_RNCNvNtNtCs4S1xE8DPCBn_14loam_spine_api7jsonrpc5testss_25test_jsonrpc_create_spine0B7_
FN:391,_RNCNvNtNtCs4S1xE8DPCBn_14loam_spine_api7jsonrpc5testss_25test_jsonrpc_health_check0B7_
FN:501,_RNCNvNtNtCs4S1xE8DPCBn_14loam_spine_api7jsonrpc5testss_27test_jsonrpc_commit_session0B7_
FN:421,_RNCNvNtNtCs4S1xE8DPCBn_14loam_spine_api7jsonrpc5testss_34test_jsonrpc_get_nonexistent_spine0B7_
FN:460,_RNCNvNtNtCs4S1xE8DPCBn_14loam_spine_api7jsonrpc5testss_37test_jsonrpc_mint_and_get_certificate0B7_
FN:197,_RNvMNtCs4S1xE8DPCBn_14loam_spine_api7jsonrpcNtB2_16LoamSpineJsonRpc14default_server
FN:189,_RNvMNtCs4S1xE8DPCBn_14loam_spine_api7jsonrpcNtB2_16LoamSpineJsonRpc3new
FN:215,_RNvXs_NtCs4S1xE8DPCBn_14loam_spine_api7jsonrpcNtB4_16LoamSpineJsonRpcNtB4_25LoamSpineJsonRpcApiServer10seal_spine
FN:204,_RNvXs_NtCs4S1xE8DPCBn_14loam_spine_api7jsonrpcNtB4_16LoamSpineJsonRpcNtB4_25LoamSpineJsonRpcApiServer12create_spine
FN:284,_RNvXs_NtCs4S1xE8DPCBn_14loam_spine_api7jsonrpcNtB4_16LoamSpineJsonRpcNtB4_25LoamSpineJsonRpcApiServer12health_check
FN:302,_RNvXs_NtCs4S1xE8DPCBn_14loam_spine_api7jsonrpcNtB4_16LoamSpineJsonRpcNtB4_25LoamSpineJsonRpcApiServer14commit_session
FN:277,_RNvXs_NtCs4S1xE8DPCBn_14loam_spine_api7jsonrpcNtB4_16LoamSpineJsonRpcNtB4_25LoamSpineJsonRpcApiServer15get_certificate
FN:237,_RNvXs_NtCs4S1xE8DPCBn_14loam_spine_api7jsonrpcNtB4_16LoamSpineJsonRpcNtB4_25LoamSpineJsonRpcApiServer16mint_certificate
FN:211,_RNvXs_NtCs4S1xE8DPCBn_14loam_spine_api7jsonrpcNtB4_16LoamSpineJsonRpcNtB4_25LoamSpineJsonRpcApiServer9get_spine
FN:362,_RNCNvNtCs4S1xE8DPCBn_14loam_spine_api7jsonrpc18run_jsonrpc_server0B5_
FN:359,_RNvNtCs4S1xE8DPCBn_14loam_spine_api7jsonrpc18run_jsonrpc_server
FN:316,_RNvXs_NtCs4S1xE8DPCBn_14loam_spine_api7jsonrpcNtB4_16LoamSpineJsonRpcNtB4_25LoamSpineJsonRpcApiServer12anchor_slice
FN:219,_RNvXs_NtCs4S1xE8DPCBn_14loam_spine_api7jsonrpcNtB4_16LoamSpineJsonRpcNtB4_25LoamSpineJsonRpcApiServer12append_entry
FN:309,_RNvXs_NtCs4S1xE8DPCBn_14loam_spine_api7jsonrpcNtB4_16LoamSpineJsonRpcNtB4_25LoamSpineJsonRpcApiServer12commit_braid
FN:326,_RNvXs_NtCs4S1xE8DPCBn_14loam_spine_api7jsonrpcNtB4_16LoamSpineJsonRpcNtB4_25LoamSpineJsonRpcApiServer14checkout_slice
FN:257,_RNvXs_NtCs4S1xE8DPCBn_14loam_spine_api7jsonrpcNtB4_16LoamSpineJsonRpcNtB4_25LoamSpineJsonRpcApiServer16loan_certificate
FN:267,_RNvXs_NtCs4S1xE8DPCBn_14loam_spine_api7jsonrpcNtB4_16LoamSpineJsonRpcNtB4_25LoamSpineJsonRpcApiServer18return_certificate
FN:247,_RNvXs_NtCs4S1xE8DPCBn_14loam_spine_api7jsonrpcNtB4_16LoamSpineJsonRpcNtB4_25LoamSpineJsonRpcApiServer20transfer_certificate
FN:346,_RNvXs_NtCs4S1xE8DPCBn_14loam_spine_api7jsonrpcNtB4_16LoamSpineJsonRpcNtB4_25LoamSpineJsonRpcApiServer22verify_inclusion_proof
FN:336,_RNvXs_NtCs4S1xE8DPCBn_14loam_spine_api7jsonrpcNtB4_16LoamSpineJsonRpcNtB4_25LoamSpineJsonRpcApiServer24generate_inclusion_proof
FN:230,_RNvXs_NtCs4S1xE8DPCBn_14loam_spine_api7jsonrpcNtB4_16LoamSpineJsonRpcNtB4_25LoamSpineJsonRpcApiServer7get_tip
FN:291,_RNvXs_NtCs4S1xE8DPCBn_14loam_spine_api7jsonrpcNtB4_16LoamSpineJsonRpcNtB4_25LoamSpineJsonRpcApiServer8liveness
FN:226,_RNvXs_NtCs4S1xE8DPCBn_14loam_spine_api7jsonrpcNtB4_16LoamSpineJsonRpcNtB4_25LoamSpineJsonRpcApiServer9get_entry
FN:295,_RNvXs_NtCs4S1xE8DPCBn_14loam_spine_api7jsonrpcNtB4_16LoamSpineJsonRpcNtB4_25LoamSpineJsonRpcApiServer9readiness
FN:378,_RNvNtNtCs4S1xE8DPCBn_14loam_spine_api7jsonrpc5testss_21test_jsonrpc_creation
FN:435,_RNvNtNtCs4S1xE8DPCBn_14loam_spine_api7jsonrpc5testss_23test_jsonrpc_seal_spine
FN:405,_RNvNtNtCs4S1xE8DPCBn_14loam_spine_api7jsonrpc5testss_25test_jsonrpc_create_spine
FN:391,_RNvNtNtCs4S1xE8DPCBn_14loam_spine_api7jsonrpc5testss_25test_jsonrpc_health_check
FN:383,_RNvNtNtCs4S1xE8DPCBn_14loam_spine_api7jsonrpc5testss_25test_jsonrpc_with_service
FN:501,_RNvNtNtCs4S1xE8DPCBn_14loam_spine_api7jsonrpc5testss_27test_jsonrpc_commit_session
FN:421,_RNvNtNtCs4S1xE8DPCBn_14loam_spine_api7jsonrpc5testss_34test_jsonrpc_get_nonexistent_spine
FN:460,_RNvNtNtCs4S1xE8DPCBn_14loam_spine_api7jsonrpc5testss_37test_jsonrpc_mint_and_get_certificate
FNDA:0,_RINvNtCs4SaE2cvVVUV_14loam_spine_api7jsonrpc12to_rpc_errorNtNtB4_5error8ApiErrorEB4_
FNDA:0,_RNCNvNtCs4SaE2cvVVUV_14loam_spine_api7jsonrpc18run_jsonrpc_server0B5_
FNDA:0,_RINvNtCs4S1xE8DPCBn_14loam_spine_api7jsonrpc12to_rpc_errorNtNtB4_5error8ApiErrorEB4_
FNDA:0,_RNCNCNvNtNtCs4S1xE8DPCBn_14loam_spine_api7jsonrpc5testss_23test_jsonrpc_seal_spine00B9_
FNDA:0,_RNCNCNvNtNtCs4S1xE8DPCBn_14loam_spine_api7jsonrpc5testss_25test_jsonrpc_create_spine00B9_
FNDA:0,_RNCNCNvNtNtCs4S1xE8DPCBn_14loam_spine_api7jsonrpc5testss_25test_jsonrpc_health_check00B9_
FNDA:0,_RNCNCNvNtNtCs4S1xE8DPCBn_14loam_spine_api7jsonrpc5testss_27test_jsonrpc_commit_session00B9_
FNDA:0,_RNCNCNvNtNtCs4S1xE8DPCBn_14loam_spine_api7jsonrpc5testss_34test_jsonrpc_get_nonexistent_spine00B9_
FNDA:0,_RNCNCNvNtNtCs4S1xE8DPCBn_14loam_spine_api7jsonrpc5testss_37test_jsonrpc_mint_and_get_certificate00B9_
FNDA:0,_RNCNCNvNtNtCs4S1xE8DPCBn_14loam_spine_api7jsonrpc5testss_37test_jsonrpc_mint_and_get_certificate0s_0B9_
FNDA:1,_RNCNvNtNtCs4S1xE8DPCBn_14loam_spine_api7jsonrpc5testss_23test_jsonrpc_seal_spine0B7_
FNDA:1,_RNCNvNtNtCs4S1xE8DPCBn_14loam_spine_api7jsonrpc5testss_25test_jsonrpc_create_spine0B7_
FNDA:1,_RNCNvNtNtCs4S1xE8DPCBn_14loam_spine_api7jsonrpc5testss_25test_jsonrpc_health_check0B7_
FNDA:1,_RNCNvNtNtCs4S1xE8DPCBn_14loam_spine_api7jsonrpc5testss_27test_jsonrpc_commit_session0B7_
FNDA:1,_RNCNvNtNtCs4S1xE8DPCBn_14loam_spine_api7jsonrpc5testss_34test_jsonrpc_get_nonexistent_spine0B7_
FNDA:1,_RNCNvNtNtCs4S1xE8DPCBn_14loam_spine_api7jsonrpc5testss_37test_jsonrpc_mint_and_get_certificate0B7_
FNDA:7,_RNvMNtCs4S1xE8DPCBn_14loam_spine_api7jsonrpcNtB2_16LoamSpineJsonRpc14default_server
FNDA:8,_RNvMNtCs4S1xE8DPCBn_14loam_spine_api7jsonrpcNtB2_16LoamSpineJsonRpc3new
FNDA:1,_RNvXs_NtCs4S1xE8DPCBn_14loam_spine_api7jsonrpcNtB4_16LoamSpineJsonRpcNtB4_25LoamSpineJsonRpcApiServer10seal_spine
FNDA:4,_RNvXs_NtCs4S1xE8DPCBn_14loam_spine_api7jsonrpcNtB4_16LoamSpineJsonRpcNtB4_25LoamSpineJsonRpcApiServer12create_spine
FNDA:1,_RNvXs_NtCs4S1xE8DPCBn_14loam_spine_api7jsonrpcNtB4_16LoamSpineJsonRpcNtB4_25LoamSpineJsonRpcApiServer12health_check
FNDA:1,_RNvXs_NtCs4S1xE8DPCBn_14loam_spine_api7jsonrpcNtB4_16LoamSpineJsonRpcNtB4_25LoamSpineJsonRpcApiServer14commit_session
FNDA:1,_RNvXs_NtCs4S1xE8DPCBn_14loam_spine_api7jsonrpcNtB4_16LoamSpineJsonRpcNtB4_25LoamSpineJsonRpcApiServer15get_certificate
FNDA:1,_RNvXs_NtCs4S1xE8DPCBn_14loam_spine_api7jsonrpcNtB4_16LoamSpineJsonRpcNtB4_25LoamSpineJsonRpcApiServer16mint_certificate
FNDA:1,_RNvXs_NtCs4S1xE8DPCBn_14loam_spine_api7jsonrpcNtB4_16LoamSpineJsonRpcNtB4_25LoamSpineJsonRpcApiServer9get_spine
FNDA:0,_RNCNvNtCs4S1xE8DPCBn_14loam_spine_api7jsonrpc18run_jsonrpc_server0B5_
FNDA:0,_RNvNtCs4S1xE8DPCBn_14loam_spine_api7jsonrpc18run_jsonrpc_server
FNDA:0,_RNvXs_NtCs4S1xE8DPCBn_14loam_spine_api7jsonrpcNtB4_16LoamSpineJsonRpcNtB4_25LoamSpineJsonRpcApiServer12anchor_slice
FNDA:0,_RNvXs_NtCs4S1xE8DPCBn_14loam_spine_api7jsonrpcNtB4_16LoamSpineJsonRpcNtB4_25LoamSpineJsonRpcApiServer12append_entry
FNDA:0,_RNvXs_NtCs4S1xE8DPCBn_14loam_spine_api7jsonrpcNtB4_16LoamSpineJsonRpcNtB4_25LoamSpineJsonRpcApiServer12commit_braid
FNDA:0,_RNvXs_NtCs4S1xE8DPCBn_14loam_spine_api7jsonrpcNtB4_16LoamSpineJsonRpcNtB4_25LoamSpineJsonRpcApiServer14checkout_slice
FNDA:0,_RNvXs_NtCs4S1xE8DPCBn_14loam_spine_api7jsonrpcNtB4_16LoamSpineJsonRpcNtB4_25LoamSpineJsonRpcApiServer16loan_certificate
FNDA:0,_RNvXs_NtCs4S1xE8DPCBn_14loam_spine_api7jsonrpcNtB4_16LoamSpineJsonRpcNtB4_25LoamSpineJsonRpcApiServer18return_certificate
FNDA:0,_RNvXs_NtCs4S1xE8DPCBn_14loam_spine_api7jsonrpcNtB4_16LoamSpineJsonRpcNtB4_25LoamSpineJsonRpcApiServer20transfer_certificate
FNDA:0,_RNvXs_NtCs4S1xE8DPCBn_14loam_spine_api7jsonrpcNtB4_16LoamSpineJsonRpcNtB4_25LoamSpineJsonRpcApiServer22verify_inclusion_proof
FNDA:0,_RNvXs_NtCs4S1xE8DPCBn_14loam_spine_api7jsonrpcNtB4_16LoamSpineJsonRpcNtB4_25LoamSpineJsonRpcApiServer24generate_inclusion_proof
FNDA:0,_RNvXs_NtCs4S1xE8DPCBn_14loam_spine_api7jsonrpcNtB4_16LoamSpineJsonRpcNtB4_25LoamSpineJsonRpcApiServer7get_tip
FNDA:0,_RNvXs_NtCs4S1xE8DPCBn_14loam_spine_api7jsonrpcNtB4_16LoamSpineJsonRpcNtB4_25LoamSpineJsonRpcApiServer8liveness
FNDA:0,_RNvXs_NtCs4S1xE8DPCBn_14loam_spine_api7jsonrpcNtB4_16LoamSpineJsonRpcNtB4_25LoamSpineJsonRpcApiServer9get_entry
FNDA:0,_RNvXs_NtCs4S1xE8DPCBn_14loam_spine_api7jsonrpcNtB4_16LoamSpineJsonRpcNtB4_25LoamSpineJsonRpcApiServer9readiness
FNDA:1,_RNvNtNtCs4S1xE8DPCBn_14loam_spine_api7jsonrpc5testss_21test_jsonrpc_creation
FNDA:1,_RNvNtNtCs4S1xE8DPCBn_14loam_spine_api7jsonrpc5testss_23test_jsonrpc_seal_spine
FNDA:1,_RNvNtNtCs4S1xE8DPCBn_14loam_spine_api7jsonrpc5testss_25test_jsonrpc_create_spine
FNDA:1,_RNvNtNtCs4S1xE8DPCBn_14loam_spine_api7jsonrpc5testss_25test_jsonrpc_health_check
FNDA:1,_RNvNtNtCs4S1xE8DPCBn_14loam_spine_api7jsonrpc5testss_25test_jsonrpc_with_service
FNDA:1,_RNvNtNtCs4S1xE8DPCBn_14loam_spine_api7jsonrpc5testss_27test_jsonrpc_commit_session
FNDA:1,_RNvNtNtCs4S1xE8DPCBn_14loam_spine_api7jsonrpc5testss_34test_jsonrpc_get_nonexistent_spine
FNDA:1,_RNvNtNtCs4S1xE8DPCBn_14loam_spine_api7jsonrpc5testss_37test_jsonrpc_mint_and_get_certificate
FNF:46
FNH:23
DA:31,0
DA:32,0
DA:33,0
DA:189,8
DA:190,8
DA:191,8
DA:192,8
DA:193,8
DA:197,7
DA:198,7
DA:199,7
DA:204,4
DA:205,4
DA:206,4
DA:207,4
DA:208,4
DA:209,4
DA:211,1
DA:212,1
DA:213,1
DA:215,1
DA:216,1
DA:217,1
DA:219,0
DA:220,0
DA:221,0
DA:222,0
DA:223,0
DA:224,0
DA:226,0
DA:227,0
DA:228,0
DA:230,0
DA:231,0
DA:232,0
DA:237,1
DA:238,1
DA:239,1
DA:240,1
DA:241,1
DA:242,1
DA:247,0
DA:248,0
DA:249,0
DA:250,0
DA:251,0
DA:252,0
DA:257,0
DA:258,0
DA:259,0
DA:260,0
DA:261,0
DA:262,0
DA:267,0
DA:268,0
DA:269,0
DA:270,0
DA:271,0
DA:272,0
DA:277,1
DA:278,1
DA:279,1
DA:280,1
DA:281,1
DA:282,1
DA:284,1
DA:285,1
DA:286,1
DA:287,1
DA:288,1
DA:289,1
DA:291,0
DA:292,0
DA:293,0
DA:295,0
DA:296,0
DA:297,0
DA:302,1
DA:303,1
DA:304,1
DA:305,1
DA:306,1
DA:307,1
DA:309,0
DA:310,0
DA:311,0
DA:312,0
DA:313,0
DA:314,0
DA:316,0
DA:317,0
DA:318,0
DA:319,0
DA:320,0
DA:321,0
DA:326,0
DA:327,0
DA:328,0
DA:329,0
DA:330,0
DA:331,0
DA:336,0
DA:337,0
DA:338,0
DA:339,0
DA:340,0
DA:341,0
DA:346,0
DA:347,0
DA:348,0
DA:349,0
DA:350,0
DA:351,0
DA:359,0
DA:360,0
DA:361,0
DA:362,0
DA:363,0
DA:364,0
DA:365,0
DA:366,0
DA:368,0
DA:369,0
DA:370,0
DA:378,1
DA:379,1
DA:380,1
DA:383,1
DA:384,1
DA:385,1
DA:386,1
DA:387,1
DA:388,1
DA:391,1
DA:392,1
DA:393,1
DA:394,1
DA:395,1
DA:396,1
DA:397,1
DA:398,1
DA:399,1
DA:400,1
DA:401,1
DA:402,1
DA:405,1
DA:406,1
DA:407,1
DA:408,1
DA:409,1
DA:410,1
DA:411,1
DA:412,1
DA:413,1
DA:414,1
DA:415,1
DA:416,1
DA:417,1
DA:418,1
DA:421,1
DA:422,1
DA:423,1
DA:424,1
DA:425,1
DA:426,1
DA:427,1
DA:428,1
DA:429,1
DA:430,1
DA:431,1
DA:432,1
DA:435,1
DA:436,1
DA:437,1
DA:438,1
DA:439,1
DA:440,1
DA:441,1
DA:442,1
DA:443,1
DA:444,1
DA:445,1
DA:446,1
DA:447,1
DA:448,1
DA:449,1
DA:450,1
DA:451,1
DA:452,1
DA:453,1
DA:454,1
DA:455,1
DA:456,1
DA:457,1
DA:460,1
DA:461,1
DA:462,1
DA:463,1
DA:464,1
DA:465,1
DA:466,1
DA:467,1
DA:468,1
DA:469,1
DA:470,1
DA:471,1
DA:472,1
DA:473,1
DA:474,1
DA:475,1
DA:476,1
DA:477,1
DA:478,1
DA:479,1
DA:480,1
DA:481,1
DA:482,1
DA:483,1
DA:484,1
DA:485,1
DA:486,1
DA:487,1
DA:488,1
DA:489,1
DA:490,1
DA:491,1
DA:492,1
DA:493,1
DA:494,1
DA:495,1
DA:496,1
DA:497,1
DA:498,1
DA:501,1
DA:502,1
DA:503,1
DA:504,1
DA:505,1
DA:506,1
DA:507,1
DA:508,1
DA:509,1
DA:510,1
DA:511,1
DA:512,1
DA:513,1
DA:514,1
DA:515,1
DA:516,1
DA:517,1
DA:518,1
DA:519,1
DA:520,1
DA:521,1
DA:522,1
DA:523,1
DA:524,1
DA:525,1
DA:526,1
BRF:0
BRH:0
LF:376
LH:288
end_of_record
SF:/path/to/ecoPrimals/phase2/loamSpine/crates/loam-spine-api/src/rpc.rs
FN:40,_RINvMs0_NtCs4SaE2cvVVUV_14loam_spine_api3rpcNtB6_18LoamSpineRpcClient3newpEB8_
FN:40,_RNCNvMs2_NtCs4SaE2cvVVUV_14loam_spine_api3rpcINtB7_18LoamSpineRpcClientpE10seal_spine0B9_
FN:40,_RNCNvMs2_NtCs4SaE2cvVVUV_14loam_spine_api3rpcINtB7_18LoamSpineRpcClientpE12anchor_slice0B9_
FN:40,_RNCNvMs2_NtCs4SaE2cvVVUV_14loam_spine_api3rpcINtB7_18LoamSpineRpcClientpE12append_entry0B9_
FN:40,_RNCNvMs2_NtCs4SaE2cvVVUV_14loam_spine_api3rpcINtB7_18LoamSpineRpcClientpE12commit_braid0B9_
FN:40,_RNCNvMs2_NtCs4SaE2cvVVUV_14loam_spine_api3rpcINtB7_18LoamSpineRpcClientpE12create_spine0B9_
FN:40,_RNCNvMs2_NtCs4SaE2cvVVUV_14loam_spine_api3rpcINtB7_18LoamSpineRpcClientpE12health_check0B9_
FN:40,_RNCNvMs2_NtCs4SaE2cvVVUV_14loam_spine_api3rpcINtB7_18LoamSpineRpcClientpE14checkout_slice0B9_
FN:40,_RNCNvMs2_NtCs4SaE2cvVVUV_14loam_spine_api3rpcINtB7_18LoamSpineRpcClientpE14commit_session0B9_
FN:40,_RNCNvMs2_NtCs4SaE2cvVVUV_14loam_spine_api3rpcINtB7_18LoamSpineRpcClientpE15get_certificate0B9_
FN:40,_RNCNvMs2_NtCs4SaE2cvVVUV_14loam_spine_api3rpcINtB7_18LoamSpineRpcClientpE16loan_certificate0B9_
FN:40,_RNCNvMs2_NtCs4SaE2cvVVUV_14loam_spine_api3rpcINtB7_18LoamSpineRpcClientpE16mint_certificate0B9_
FN:40,_RNCNvMs2_NtCs4SaE2cvVVUV_14loam_spine_api3rpcINtB7_18LoamSpineRpcClientpE18return_certificate0B9_
FN:40,_RNCNvMs2_NtCs4SaE2cvVVUV_14loam_spine_api3rpcINtB7_18LoamSpineRpcClientpE20transfer_certificate0B9_
FN:40,_RNCNvMs2_NtCs4SaE2cvVVUV_14loam_spine_api3rpcINtB7_18LoamSpineRpcClientpE22verify_inclusion_proof0B9_
FN:40,_RNCNvMs2_NtCs4SaE2cvVVUV_14loam_spine_api3rpcINtB7_18LoamSpineRpcClientpE24generate_inclusion_proof0B9_
FN:40,_RNCNvMs2_NtCs4SaE2cvVVUV_14loam_spine_api3rpcINtB7_18LoamSpineRpcClientpE7get_tip0B9_
FN:40,_RNCNvMs2_NtCs4SaE2cvVVUV_14loam_spine_api3rpcINtB7_18LoamSpineRpcClientpE9get_entry0B9_
FN:40,_RNCNvMs2_NtCs4SaE2cvVVUV_14loam_spine_api3rpcINtB7_18LoamSpineRpcClientpE9get_spine0B9_
FN:40,_RNvXININtCs4SaE2cvVVUV_14loam_spine_api3rpcs1_0pEINtB5_18LoamSpineRpcClientpEINtNtCs9sjCchOt1K7_4core7convert4FrompE4fromB7_
FN:40,_RNvYpNtNtCs4SaE2cvVVUV_14loam_spine_api3rpc12LoamSpineRpc5serveB7_
FN:40,_RINvMs0_NtCs4S1xE8DPCBn_14loam_spine_api3rpcNtB6_18LoamSpineRpcClient3newpEB8_
FN:40,_RNCNvMs2_NtCs4S1xE8DPCBn_14loam_spine_api3rpcINtB7_18LoamSpineRpcClientpE10seal_spine0B9_
FN:40,_RNCNvMs2_NtCs4S1xE8DPCBn_14loam_spine_api3rpcINtB7_18LoamSpineRpcClientpE12anchor_slice0B9_
FN:40,_RNCNvMs2_NtCs4S1xE8DPCBn_14loam_spine_api3rpcINtB7_18LoamSpineRpcClientpE12append_entry0B9_
FN:40,_RNCNvMs2_NtCs4S1xE8DPCBn_14loam_spine_api3rpcINtB7_18LoamSpineRpcClientpE12commit_braid0B9_
FN:40,_RNCNvMs2_NtCs4S1xE8DPCBn_14loam_spine_api3rpcINtB7_18LoamSpineRpcClientpE12create_spine0B9_
FN:40,_RNCNvMs2_NtCs4S1xE8DPCBn_14loam_spine_api3rpcINtB7_18LoamSpineRpcClientpE12health_check0B9_
FN:40,_RNCNvMs2_NtCs4S1xE8DPCBn_14loam_spine_api3rpcINtB7_18LoamSpineRpcClientpE14checkout_slice0B9_
FN:40,_RNCNvMs2_NtCs4S1xE8DPCBn_14loam_spine_api3rpcINtB7_18LoamSpineRpcClientpE14commit_session0B9_
FN:40,_RNCNvMs2_NtCs4S1xE8DPCBn_14loam_spine_api3rpcINtB7_18LoamSpineRpcClientpE15get_certificate0B9_
FN:40,_RNCNvMs2_NtCs4S1xE8DPCBn_14loam_spine_api3rpcINtB7_18LoamSpineRpcClientpE16loan_certificate0B9_
FN:40,_RNCNvMs2_NtCs4S1xE8DPCBn_14loam_spine_api3rpcINtB7_18LoamSpineRpcClientpE16mint_certificate0B9_
FN:40,_RNCNvMs2_NtCs4S1xE8DPCBn_14loam_spine_api3rpcINtB7_18LoamSpineRpcClientpE18return_certificate0B9_
FN:40,_RNCNvMs2_NtCs4S1xE8DPCBn_14loam_spine_api3rpcINtB7_18LoamSpineRpcClientpE20transfer_certificate0B9_
FN:40,_RNCNvMs2_NtCs4S1xE8DPCBn_14loam_spine_api3rpcINtB7_18LoamSpineRpcClientpE22verify_inclusion_proof0B9_
FN:40,_RNCNvMs2_NtCs4S1xE8DPCBn_14loam_spine_api3rpcINtB7_18LoamSpineRpcClientpE24generate_inclusion_proof0B9_
FN:40,_RNCNvMs2_NtCs4S1xE8DPCBn_14loam_spine_api3rpcINtB7_18LoamSpineRpcClientpE7get_tip0B9_
FN:40,_RNCNvMs2_NtCs4S1xE8DPCBn_14loam_spine_api3rpcINtB7_18LoamSpineRpcClientpE9get_entry0B9_
FN:40,_RNCNvMs2_NtCs4S1xE8DPCBn_14loam_spine_api3rpcINtB7_18LoamSpineRpcClientpE9get_spine0B9_
FN:40,_RNvXININtCs4S1xE8DPCBn_14loam_spine_api3rpcs1_0pEINtB5_18LoamSpineRpcClientpEINtNtCs9sjCchOt1K7_4core7convert4FrompE4fromB7_
FN:40,_RNvYpNtNtCs4S1xE8DPCBn_14loam_spine_api3rpc12LoamSpineRpc5serveB7_
FNDA:0,_RINvMs0_NtCs4SaE2cvVVUV_14loam_spine_api3rpcNtB6_18LoamSpineRpcClient3newpEB8_
FNDA:0,_RNCNvMs2_NtCs4SaE2cvVVUV_14loam_spine_api3rpcINtB7_18LoamSpineRpcClientpE10seal_spine0B9_
FNDA:0,_RNCNvMs2_NtCs4SaE2cvVVUV_14loam_spine_api3rpcINtB7_18LoamSpineRpcClientpE12anchor_slice0B9_
FNDA:0,_RNCNvMs2_NtCs4SaE2cvVVUV_14loam_spine_api3rpcINtB7_18LoamSpineRpcClientpE12append_entry0B9_
FNDA:0,_RNCNvMs2_NtCs4SaE2cvVVUV_14loam_spine_api3rpcINtB7_18LoamSpineRpcClientpE12commit_braid0B9_
FNDA:0,_RNCNvMs2_NtCs4SaE2cvVVUV_14loam_spine_api3rpcINtB7_18LoamSpineRpcClientpE12create_spine0B9_
FNDA:0,_RNCNvMs2_NtCs4SaE2cvVVUV_14loam_spine_api3rpcINtB7_18LoamSpineRpcClientpE12health_check0B9_
FNDA:0,_RNCNvMs2_NtCs4SaE2cvVVUV_14loam_spine_api3rpcINtB7_18LoamSpineRpcClientpE14checkout_slice0B9_
FNDA:0,_RNCNvMs2_NtCs4SaE2cvVVUV_14loam_spine_api3rpcINtB7_18LoamSpineRpcClientpE14commit_session0B9_
FNDA:0,_RNCNvMs2_NtCs4SaE2cvVVUV_14loam_spine_api3rpcINtB7_18LoamSpineRpcClientpE15get_certificate0B9_
FNDA:0,_RNCNvMs2_NtCs4SaE2cvVVUV_14loam_spine_api3rpcINtB7_18LoamSpineRpcClientpE16loan_certificate0B9_
FNDA:0,_RNCNvMs2_NtCs4SaE2cvVVUV_14loam_spine_api3rpcINtB7_18LoamSpineRpcClientpE16mint_certificate0B9_
FNDA:0,_RNCNvMs2_NtCs4SaE2cvVVUV_14loam_spine_api3rpcINtB7_18LoamSpineRpcClientpE18return_certificate0B9_
FNDA:0,_RNCNvMs2_NtCs4SaE2cvVVUV_14loam_spine_api3rpcINtB7_18LoamSpineRpcClientpE20transfer_certificate0B9_
FNDA:0,_RNCNvMs2_NtCs4SaE2cvVVUV_14loam_spine_api3rpcINtB7_18LoamSpineRpcClientpE22verify_inclusion_proof0B9_
FNDA:0,_RNCNvMs2_NtCs4SaE2cvVVUV_14loam_spine_api3rpcINtB7_18LoamSpineRpcClientpE24generate_inclusion_proof0B9_
FNDA:0,_RNCNvMs2_NtCs4SaE2cvVVUV_14loam_spine_api3rpcINtB7_18LoamSpineRpcClientpE7get_tip0B9_
FNDA:0,_RNCNvMs2_NtCs4SaE2cvVVUV_14loam_spine_api3rpcINtB7_18LoamSpineRpcClientpE9get_entry0B9_
FNDA:0,_RNCNvMs2_NtCs4SaE2cvVVUV_14loam_spine_api3rpcINtB7_18LoamSpineRpcClientpE9get_spine0B9_
FNDA:0,_RNvXININtCs4SaE2cvVVUV_14loam_spine_api3rpcs1_0pEINtB5_18LoamSpineRpcClientpEINtNtCs9sjCchOt1K7_4core7convert4FrompE4fromB7_
FNDA:0,_RNvYpNtNtCs4SaE2cvVVUV_14loam_spine_api3rpc12LoamSpineRpc5serveB7_
FNDA:0,_RINvMs0_NtCs4S1xE8DPCBn_14loam_spine_api3rpcNtB6_18LoamSpineRpcClient3newpEB8_
FNDA:0,_RNCNvMs2_NtCs4S1xE8DPCBn_14loam_spine_api3rpcINtB7_18LoamSpineRpcClientpE10seal_spine0B9_
FNDA:0,_RNCNvMs2_NtCs4S1xE8DPCBn_14loam_spine_api3rpcINtB7_18LoamSpineRpcClientpE12anchor_slice0B9_
FNDA:0,_RNCNvMs2_NtCs4S1xE8DPCBn_14loam_spine_api3rpcINtB7_18LoamSpineRpcClientpE12append_entry0B9_
FNDA:0,_RNCNvMs2_NtCs4S1xE8DPCBn_14loam_spine_api3rpcINtB7_18LoamSpineRpcClientpE12commit_braid0B9_
FNDA:0,_RNCNvMs2_NtCs4S1xE8DPCBn_14loam_spine_api3rpcINtB7_18LoamSpineRpcClientpE12create_spine0B9_
FNDA:0,_RNCNvMs2_NtCs4S1xE8DPCBn_14loam_spine_api3rpcINtB7_18LoamSpineRpcClientpE12health_check0B9_
FNDA:0,_RNCNvMs2_NtCs4S1xE8DPCBn_14loam_spine_api3rpcINtB7_18LoamSpineRpcClientpE14checkout_slice0B9_
FNDA:0,_RNCNvMs2_NtCs4S1xE8DPCBn_14loam_spine_api3rpcINtB7_18LoamSpineRpcClientpE14commit_session0B9_
FNDA:0,_RNCNvMs2_NtCs4S1xE8DPCBn_14loam_spine_api3rpcINtB7_18LoamSpineRpcClientpE15get_certificate0B9_
FNDA:0,_RNCNvMs2_NtCs4S1xE8DPCBn_14loam_spine_api3rpcINtB7_18LoamSpineRpcClientpE16loan_certificate0B9_
FNDA:0,_RNCNvMs2_NtCs4S1xE8DPCBn_14loam_spine_api3rpcINtB7_18LoamSpineRpcClientpE16mint_certificate0B9_
FNDA:0,_RNCNvMs2_NtCs4S1xE8DPCBn_14loam_spine_api3rpcINtB7_18LoamSpineRpcClientpE18return_certificate0B9_
FNDA:0,_RNCNvMs2_NtCs4S1xE8DPCBn_14loam_spine_api3rpcINtB7_18LoamSpineRpcClientpE20transfer_certificate0B9_
FNDA:0,_RNCNvMs2_NtCs4S1xE8DPCBn_14loam_spine_api3rpcINtB7_18LoamSpineRpcClientpE22verify_inclusion_proof0B9_
FNDA:0,_RNCNvMs2_NtCs4S1xE8DPCBn_14loam_spine_api3rpcINtB7_18LoamSpineRpcClientpE24generate_inclusion_proof0B9_
FNDA:0,_RNCNvMs2_NtCs4S1xE8DPCBn_14loam_spine_api3rpcINtB7_18LoamSpineRpcClientpE7get_tip0B9_
FNDA:0,_RNCNvMs2_NtCs4S1xE8DPCBn_14loam_spine_api3rpcINtB7_18LoamSpineRpcClientpE9get_entry0B9_
FNDA:0,_RNCNvMs2_NtCs4S1xE8DPCBn_14loam_spine_api3rpcINtB7_18LoamSpineRpcClientpE9get_spine0B9_
FNDA:0,_RNvXININtCs4S1xE8DPCBn_14loam_spine_api3rpcs1_0pEINtB5_18LoamSpineRpcClientpEINtNtCs9sjCchOt1K7_4core7convert4FrompE4fromB7_
FNDA:0,_RNvYpNtNtCs4S1xE8DPCBn_14loam_spine_api3rpc12LoamSpineRpc5serveB7_
FNF:2
FNH:0
DA:40,0
BRF:0
BRH:0
LF:2
LH:0
end_of_record
SF:/path/to/ecoPrimals/phase2/loamSpine/crates/loam-spine-api/src/service.rs
FN:36,_RNvMNtCs4SaE2cvVVUV_14loam_spine_api7serviceNtB2_19LoamSpineRpcService15default_service
FN:28,_RNvMNtCs4SaE2cvVVUV_14loam_spine_api7serviceNtB2_19LoamSpineRpcService3new
FN:41,_RNvMNtCs4SaE2cvVVUV_14loam_spine_api7serviceNtB2_19LoamSpineRpcService4core
FN:46,_RNvMNtCs4SaE2cvVVUV_14loam_spine_api7serviceNtB2_19LoamSpineRpcService8core_mut
FN:105,_RNvMs_NtCs4SaE2cvVVUV_14loam_spine_api7serviceNtB4_19LoamSpineRpcService10seal_spine
FN:316,_RNvMs_NtCs4SaE2cvVVUV_14loam_spine_api7serviceNtB4_19LoamSpineRpcService12anchor_slice
FN:121,_RNvMs_NtCs4SaE2cvVVUV_14loam_spine_api7serviceNtB4_19LoamSpineRpcService12append_entry
FN:499,_RNvMs_NtCs4SaE2cvVVUV_14loam_spine_api7serviceNtB4_19LoamSpineRpcService12commit_braid
FN:58,_RNvMs_NtCs4SaE2cvVVUV_14loam_spine_api7serviceNtB4_19LoamSpineRpcService12create_spine
FN:417,_RNvMs_NtCs4SaE2cvVVUV_14loam_spine_api7serviceNtB4_19LoamSpineRpcService12health_check
FN:344,_RNvMs_NtCs4SaE2cvVVUV_14loam_spine_api7serviceNtB4_19LoamSpineRpcService14checkout_slice
FN:473,_RNvMs_NtCs4SaE2cvVVUV_14loam_spine_api7serviceNtB4_19LoamSpineRpcService14commit_session
FN:294,_RNvMs_NtCs4SaE2cvVVUV_14loam_spine_api7serviceNtB4_19LoamSpineRpcService15get_certificate
FN:245,_RNvMs_NtCs4SaE2cvVVUV_14loam_spine_api7serviceNtB4_19LoamSpineRpcService16loan_certificate
FN:197,_RNvMs_NtCs4SaE2cvVVUV_14loam_spine_api7serviceNtB4_19LoamSpineRpcService16mint_certificate
FN:272,_RNvMs_NtCs4SaE2cvVVUV_14loam_spine_api7serviceNtB4_19LoamSpineRpcService18return_certificate
FN:223,_RNvMs_NtCs4SaE2cvVVUV_14loam_spine_api7serviceNtB4_19LoamSpineRpcService20transfer_certificate
FN:397,_RNvMs_NtCs4SaE2cvVVUV_14loam_spine_api7serviceNtB4_19LoamSpineRpcService22verify_inclusion_proof
FN:379,_RNvMs_NtCs4SaE2cvVVUV_14loam_spine_api7serviceNtB4_19LoamSpineRpcService24generate_inclusion_proof
FN:169,_RNvMs_NtCs4SaE2cvVVUV_14loam_spine_api7serviceNtB4_19LoamSpineRpcService7get_tip
FN:445,_RNvMs_NtCs4SaE2cvVVUV_14loam_spine_api7serviceNtB4_19LoamSpineRpcService8liveness
FN:149,_RNvMs_NtCs4SaE2cvVVUV_14loam_spine_api7serviceNtB4_19LoamSpineRpcService9get_entry
FN:86,_RNvMs_NtCs4SaE2cvVVUV_14loam_spine_api7serviceNtB4_19LoamSpineRpcService9get_spine
FN:457,_RNvMs_NtCs4SaE2cvVVUV_14loam_spine_api7serviceNtB4_19LoamSpineRpcService9readiness
FN:136,_RNCNCNvMs_NtCs4SaE2cvVVUV_14loam_spine_api7serviceNtB8_19LoamSpineRpcService12append_entry00Ba_
FN:73,_RNCNCNvMs_NtCs4SaE2cvVVUV_14loam_spine_api7serviceNtB8_19LoamSpineRpcService12create_spine00Ba_
FN:175,_RNCNCNvMs_NtCs4SaE2cvVVUV_14loam_spine_api7serviceNtB8_19LoamSpineRpcService7get_tip00Ba_
FN:181,_RNCNCNvMs_NtCs4SaE2cvVVUV_14loam_spine_api7serviceNtB8_19LoamSpineRpcService7get_tip0s_0Ba_
FN:41,_RNCNvMNtCs4SaE2cvVVUV_14loam_spine_api7serviceNtB4_19LoamSpineRpcService4core0B6_
FN:46,_RNCNvMNtCs4SaE2cvVVUV_14loam_spine_api7serviceNtB4_19LoamSpineRpcService8core_mut0B6_
FN:105,_RNCNvMs_NtCs4SaE2cvVVUV_14loam_spine_api7serviceNtB6_19LoamSpineRpcService10seal_spine0B8_
FN:319,_RNCNvMs_NtCs4SaE2cvVVUV_14loam_spine_api7serviceNtB6_19LoamSpineRpcService12anchor_slice0B8_
FN:124,_RNCNvMs_NtCs4SaE2cvVVUV_14loam_spine_api7serviceNtB6_19LoamSpineRpcService12append_entry0B8_
FN:502,_RNCNvMs_NtCs4SaE2cvVVUV_14loam_spine_api7serviceNtB6_19LoamSpineRpcService12commit_braid0B8_
FN:61,_RNCNvMs_NtCs4SaE2cvVVUV_14loam_spine_api7serviceNtB6_19LoamSpineRpcService12create_spine0B8_
FN:420,_RNCNvMs_NtCs4SaE2cvVVUV_14loam_spine_api7serviceNtB6_19LoamSpineRpcService12health_check0B8_
FN:347,_RNCNvMs_NtCs4SaE2cvVVUV_14loam_spine_api7serviceNtB6_19LoamSpineRpcService14checkout_slice0B8_
FN:476,_RNCNvMs_NtCs4SaE2cvVVUV_14loam_spine_api7serviceNtB6_19LoamSpineRpcService14commit_session0B8_
FN:297,_RNCNvMs_NtCs4SaE2cvVVUV_14loam_spine_api7serviceNtB6_19LoamSpineRpcService15get_certificate0B8_
FN:248,_RNCNvMs_NtCs4SaE2cvVVUV_14loam_spine_api7serviceNtB6_19LoamSpineRpcService16loan_certificate0B8_
FN:200,_RNCNvMs_NtCs4SaE2cvVVUV_14loam_spine_api7serviceNtB6_19LoamSpineRpcService16mint_certificate0B8_
FN:275,_RNCNvMs_NtCs4SaE2cvVVUV_14loam_spine_api7serviceNtB6_19LoamSpineRpcService18return_certificate0B8_
FN:226,_RNCNvMs_NtCs4SaE2cvVVUV_14loam_spine_api7serviceNtB6_19LoamSpineRpcService20transfer_certificate0B8_
FN:400,_RNCNvMs_NtCs4SaE2cvVVUV_14loam_spine_api7serviceNtB6_19LoamSpineRpcService22verify_inclusion_proof0B8_
FN:382,_RNCNvMs_NtCs4SaE2cvVVUV_14loam_spine_api7serviceNtB6_19LoamSpineRpcService24generate_inclusion_proof0B8_
FN:169,_RNCNvMs_NtCs4SaE2cvVVUV_14loam_spine_api7serviceNtB6_19LoamSpineRpcService7get_tip0B8_
FN:445,_RNCNvMs_NtCs4SaE2cvVVUV_14loam_spine_api7serviceNtB6_19LoamSpineRpcService8liveness0B8_
FN:149,_RNCNvMs_NtCs4SaE2cvVVUV_14loam_spine_api7serviceNtB6_19LoamSpineRpcService9get_entry0B8_
FN:86,_RNCNvMs_NtCs4SaE2cvVVUV_14loam_spine_api7serviceNtB6_19LoamSpineRpcService9get_spine0B8_
FN:457,_RNCNvMs_NtCs4SaE2cvVVUV_14loam_spine_api7serviceNtB6_19LoamSpineRpcService9readiness0B8_
FN:36,_RNvMNtCs4S1xE8DPCBn_14loam_spine_api7serviceNtB2_19LoamSpineRpcService15default_service
FN:28,_RNvMNtCs4S1xE8DPCBn_14loam_spine_api7serviceNtB2_19LoamSpineRpcService3new
FN:41,_RNvMNtCs4S1xE8DPCBn_14loam_spine_api7serviceNtB2_19LoamSpineRpcService4core
FN:46,_RNvMNtCs4S1xE8DPCBn_14loam_spine_api7serviceNtB2_19LoamSpineRpcService8core_mut
FN:105,_RNvMs_NtCs4S1xE8DPCBn_14loam_spine_api7serviceNtB4_19LoamSpineRpcService10seal_spine
FN:316,_RNvMs_NtCs4S1xE8DPCBn_14loam_spine_api7serviceNtB4_19LoamSpineRpcService12anchor_slice
FN:121,_RNvMs_NtCs4S1xE8DPCBn_14loam_spine_api7serviceNtB4_19LoamSpineRpcService12append_entry
FN:499,_RNvMs_NtCs4S1xE8DPCBn_14loam_spine_api7serviceNtB4_19LoamSpineRpcService12commit_braid
FN:58,_RNvMs_NtCs4S1xE8DPCBn_14loam_spine_api7serviceNtB4_19LoamSpineRpcService12create_spine
FN:417,_RNvMs_NtCs4S1xE8DPCBn_14loam_spine_api7serviceNtB4_19LoamSpineRpcService12health_check
FN:473,_RNvMs_NtCs4S1xE8DPCBn_14loam_spine_api7serviceNtB4_19LoamSpineRpcService14commit_session
FN:294,_RNvMs_NtCs4S1xE8DPCBn_14loam_spine_api7serviceNtB4_19LoamSpineRpcService15get_certificate
FN:245,_RNvMs_NtCs4S1xE8DPCBn_14loam_spine_api7serviceNtB4_19LoamSpineRpcService16loan_certificate
FN:197,_RNvMs_NtCs4S1xE8DPCBn_14loam_spine_api7serviceNtB4_19LoamSpineRpcService16mint_certificate
FN:272,_RNvMs_NtCs4S1xE8DPCBn_14loam_spine_api7serviceNtB4_19LoamSpineRpcService18return_certificate
FN:223,_RNvMs_NtCs4S1xE8DPCBn_14loam_spine_api7serviceNtB4_19LoamSpineRpcService20transfer_certificate
FN:379,_RNvMs_NtCs4S1xE8DPCBn_14loam_spine_api7serviceNtB4_19LoamSpineRpcService24generate_inclusion_proof
FN:149,_RNvMs_NtCs4S1xE8DPCBn_14loam_spine_api7serviceNtB4_19LoamSpineRpcService9get_entry
FN:86,_RNvMs_NtCs4S1xE8DPCBn_14loam_spine_api7serviceNtB4_19LoamSpineRpcService9get_spine
FN:136,_RNCNCNvMs_NtCs4S1xE8DPCBn_14loam_spine_api7serviceNtB8_19LoamSpineRpcService12append_entry00Ba_
FN:73,_RNCNCNvMs_NtCs4S1xE8DPCBn_14loam_spine_api7serviceNtB8_19LoamSpineRpcService12create_spine00Ba_
FN:41,_RNCNvMNtCs4S1xE8DPCBn_14loam_spine_api7serviceNtB4_19LoamSpineRpcService4core0B6_
FN:46,_RNCNvMNtCs4S1xE8DPCBn_14loam_spine_api7serviceNtB4_19LoamSpineRpcService8core_mut0B6_
FN:105,_RNCNvMs_NtCs4S1xE8DPCBn_14loam_spine_api7serviceNtB6_19LoamSpineRpcService10seal_spine0B8_
FN:319,_RNCNvMs_NtCs4S1xE8DPCBn_14loam_spine_api7serviceNtB6_19LoamSpineRpcService12anchor_slice0B8_
FN:124,_RNCNvMs_NtCs4S1xE8DPCBn_14loam_spine_api7serviceNtB6_19LoamSpineRpcService12append_entry0B8_
FN:502,_RNCNvMs_NtCs4S1xE8DPCBn_14loam_spine_api7serviceNtB6_19LoamSpineRpcService12commit_braid0B8_
FN:61,_RNCNvMs_NtCs4S1xE8DPCBn_14loam_spine_api7serviceNtB6_19LoamSpineRpcService12create_spine0B8_
FN:420,_RNCNvMs_NtCs4S1xE8DPCBn_14loam_spine_api7serviceNtB6_19LoamSpineRpcService12health_check0B8_
FN:476,_RNCNvMs_NtCs4S1xE8DPCBn_14loam_spine_api7serviceNtB6_19LoamSpineRpcService14commit_session0B8_
FN:297,_RNCNvMs_NtCs4S1xE8DPCBn_14loam_spine_api7serviceNtB6_19LoamSpineRpcService15get_certificate0B8_
FN:248,_RNCNvMs_NtCs4S1xE8DPCBn_14loam_spine_api7serviceNtB6_19LoamSpineRpcService16loan_certificate0B8_
FN:200,_RNCNvMs_NtCs4S1xE8DPCBn_14loam_spine_api7serviceNtB6_19LoamSpineRpcService16mint_certificate0B8_
FN:275,_RNCNvMs_NtCs4S1xE8DPCBn_14loam_spine_api7serviceNtB6_19LoamSpineRpcService18return_certificate0B8_
FN:226,_RNCNvMs_NtCs4S1xE8DPCBn_14loam_spine_api7serviceNtB6_19LoamSpineRpcService20transfer_certificate0B8_
FN:382,_RNCNvMs_NtCs4S1xE8DPCBn_14loam_spine_api7serviceNtB6_19LoamSpineRpcService24generate_inclusion_proof0B8_
FN:149,_RNCNvMs_NtCs4S1xE8DPCBn_14loam_spine_api7serviceNtB6_19LoamSpineRpcService9get_entry0B8_
FN:86,_RNCNvMs_NtCs4S1xE8DPCBn_14loam_spine_api7serviceNtB6_19LoamSpineRpcService9get_spine0B8_
FN:749,_RNvNtNtCs4S1xE8DPCBn_14loam_spine_api7service5testss_15test_seal_spine
FN:833,_RNvNtNtCs4S1xE8DPCBn_14loam_spine_api7service5testss_17test_anchor_slice
FN:787,_RNvNtNtCs4S1xE8DPCBn_14loam_spine_api7service5testss_17test_append_entry
FN:578,_RNvNtNtCs4S1xE8DPCBn_14loam_spine_api7service5testss_21test_mint_certificate
FN:540,_RNvNtNtCs4S1xE8DPCBn_14loam_spine_api7service5testss_21test_service_creation
FN:622,_RNvNtNtCs4S1xE8DPCBn_14loam_spine_api7service5testss_25test_certificate_transfer
FN:553,_RNvNtNtCs4S1xE8DPCBn_14loam_spine_api7service5testss_25test_create_and_get_spine
FN:873,_RNvNtNtCs4S1xE8DPCBn_14loam_spine_api7service5testss_29test_generate_inclusion_proof
FN:679,_RNvNtNtCs4S1xE8DPCBn_14loam_spine_api7service5testss_32test_certificate_loan_and_return
FN:175,_RNCNCNvMs_NtCs4S1xE8DPCBn_14loam_spine_api7serviceNtB8_19LoamSpineRpcService7get_tip00Ba_
FN:181,_RNCNCNvMs_NtCs4S1xE8DPCBn_14loam_spine_api7serviceNtB8_19LoamSpineRpcService7get_tip0s_0Ba_
FN:347,_RNCNvMs_NtCs4S1xE8DPCBn_14loam_spine_api7serviceNtB6_19LoamSpineRpcService14checkout_slice0B8_
FN:400,_RNCNvMs_NtCs4S1xE8DPCBn_14loam_spine_api7serviceNtB6_19LoamSpineRpcService22verify_inclusion_proof0B8_
FN:169,_RNCNvMs_NtCs4S1xE8DPCBn_14loam_spine_api7serviceNtB6_19LoamSpineRpcService7get_tip0B8_
FN:445,_RNCNvMs_NtCs4S1xE8DPCBn_14loam_spine_api7serviceNtB6_19LoamSpineRpcService8liveness0B8_
FN:457,_RNCNvMs_NtCs4S1xE8DPCBn_14loam_spine_api7serviceNtB6_19LoamSpineRpcService9readiness0B8_
FN:344,_RNvMs_NtCs4S1xE8DPCBn_14loam_spine_api7serviceNtB4_19LoamSpineRpcService14checkout_slice
FN:397,_RNvMs_NtCs4S1xE8DPCBn_14loam_spine_api7serviceNtB4_19LoamSpineRpcService22verify_inclusion_proof
FN:169,_RNvMs_NtCs4S1xE8DPCBn_14loam_spine_api7serviceNtB4_19LoamSpineRpcService7get_tip
FN:445,_RNvMs_NtCs4S1xE8DPCBn_14loam_spine_api7serviceNtB4_19LoamSpineRpcService8liveness
FN:457,_RNvMs_NtCs4S1xE8DPCBn_14loam_spine_api7serviceNtB4_19LoamSpineRpcService9readiness
FN:749,_RNCNvNtNtCs4S1xE8DPCBn_14loam_spine_api7service5testss_15test_seal_spine0B7_
FN:833,_RNCNvNtNtCs4S1xE8DPCBn_14loam_spine_api7service5testss_17test_anchor_slice0B7_
FN:787,_RNCNvNtNtCs4S1xE8DPCBn_14loam_spine_api7service5testss_17test_append_entry0B7_
FN:578,_RNCNvNtNtCs4S1xE8DPCBn_14loam_spine_api7service5testss_21test_mint_certificate0B7_
FN:540,_RNCNvNtNtCs4S1xE8DPCBn_14loam_spine_api7service5testss_21test_service_creation0B7_
FN:622,_RNCNvNtNtCs4S1xE8DPCBn_14loam_spine_api7service5testss_25test_certificate_transfer0B7_
FN:553,_RNCNvNtNtCs4S1xE8DPCBn_14loam_spine_api7service5testss_25test_create_and_get_spine0B7_
FN:873,_RNCNvNtNtCs4S1xE8DPCBn_14loam_spine_api7service5testss_29test_generate_inclusion_proof0B7_
FN:679,_RNCNvNtNtCs4S1xE8DPCBn_14loam_spine_api7service5testss_32test_certificate_loan_and_return0B7_
FNDA:13,_RNvMNtCs4SaE2cvVVUV_14loam_spine_api7serviceNtB2_19LoamSpineRpcService15default_service
FNDA:13,_RNvMNtCs4SaE2cvVVUV_14loam_spine_api7serviceNtB2_19LoamSpineRpcService3new
FNDA:9,_RNvMNtCs4SaE2cvVVUV_14loam_spine_api7serviceNtB2_19LoamSpineRpcService4core
FNDA:36,_RNvMNtCs4SaE2cvVVUV_14loam_spine_api7serviceNtB2_19LoamSpineRpcService8core_mut
FNDA:1,_RNvMs_NtCs4SaE2cvVVUV_14loam_spine_api7serviceNtB4_19LoamSpineRpcService10seal_spine
FNDA:1,_RNvMs_NtCs4SaE2cvVVUV_14loam_spine_api7serviceNtB4_19LoamSpineRpcService12anchor_slice
FNDA:5,_RNvMs_NtCs4SaE2cvVVUV_14loam_spine_api7serviceNtB4_19LoamSpineRpcService12append_entry
FNDA:1,_RNvMs_NtCs4SaE2cvVVUV_14loam_spine_api7serviceNtB4_19LoamSpineRpcService12commit_braid
FNDA:21,_RNvMs_NtCs4SaE2cvVVUV_14loam_spine_api7serviceNtB4_19LoamSpineRpcService12create_spine
FNDA:1,_RNvMs_NtCs4SaE2cvVVUV_14loam_spine_api7serviceNtB4_19LoamSpineRpcService12health_check
FNDA:1,_RNvMs_NtCs4SaE2cvVVUV_14loam_spine_api7serviceNtB4_19LoamSpineRpcService14checkout_slice
FNDA:1,_RNvMs_NtCs4SaE2cvVVUV_14loam_spine_api7serviceNtB4_19LoamSpineRpcService14commit_session
FNDA:2,_RNvMs_NtCs4SaE2cvVVUV_14loam_spine_api7serviceNtB4_19LoamSpineRpcService15get_certificate
FNDA:1,_RNvMs_NtCs4SaE2cvVVUV_14loam_spine_api7serviceNtB4_19LoamSpineRpcService16loan_certificate
FNDA:2,_RNvMs_NtCs4SaE2cvVVUV_14loam_spine_api7serviceNtB4_19LoamSpineRpcService16mint_certificate
FNDA:1,_RNvMs_NtCs4SaE2cvVVUV_14loam_spine_api7serviceNtB4_19LoamSpineRpcService18return_certificate
FNDA:1,_RNvMs_NtCs4SaE2cvVVUV_14loam_spine_api7serviceNtB4_19LoamSpineRpcService20transfer_certificate
FNDA:1,_RNvMs_NtCs4SaE2cvVVUV_14loam_spine_api7serviceNtB4_19LoamSpineRpcService22verify_inclusion_proof
FNDA:1,_RNvMs_NtCs4SaE2cvVVUV_14loam_spine_api7serviceNtB4_19LoamSpineRpcService24generate_inclusion_proof
FNDA:1,_RNvMs_NtCs4SaE2cvVVUV_14loam_spine_api7serviceNtB4_19LoamSpineRpcService7get_tip
FNDA:0,_RNvMs_NtCs4SaE2cvVVUV_14loam_spine_api7serviceNtB4_19LoamSpineRpcService8liveness
FNDA:1,_RNvMs_NtCs4SaE2cvVVUV_14loam_spine_api7serviceNtB4_19LoamSpineRpcService9get_entry
FNDA:3,_RNvMs_NtCs4SaE2cvVVUV_14loam_spine_api7serviceNtB4_19LoamSpineRpcService9get_spine
FNDA:0,_RNvMs_NtCs4SaE2cvVVUV_14loam_spine_api7serviceNtB4_19LoamSpineRpcService9readiness
FNDA:0,_RNCNCNvMs_NtCs4SaE2cvVVUV_14loam_spine_api7serviceNtB8_19LoamSpineRpcService12append_entry00Ba_
FNDA:0,_RNCNCNvMs_NtCs4SaE2cvVVUV_14loam_spine_api7serviceNtB8_19LoamSpineRpcService12create_spine00Ba_
FNDA:0,_RNCNCNvMs_NtCs4SaE2cvVVUV_14loam_spine_api7serviceNtB8_19LoamSpineRpcService7get_tip00Ba_
FNDA:0,_RNCNCNvMs_NtCs4SaE2cvVVUV_14loam_spine_api7serviceNtB8_19LoamSpineRpcService7get_tip0s_0Ba_
FNDA:9,_RNCNvMNtCs4SaE2cvVVUV_14loam_spine_api7serviceNtB4_19LoamSpineRpcService4core0B6_
FNDA:36,_RNCNvMNtCs4SaE2cvVVUV_14loam_spine_api7serviceNtB4_19LoamSpineRpcService8core_mut0B6_
FNDA:1,_RNCNvMs_NtCs4SaE2cvVVUV_14loam_spine_api7serviceNtB6_19LoamSpineRpcService10seal_spine0B8_
FNDA:1,_RNCNvMs_NtCs4SaE2cvVVUV_14loam_spine_api7serviceNtB6_19LoamSpineRpcService12anchor_slice0B8_
FNDA:5,_RNCNvMs_NtCs4SaE2cvVVUV_14loam_spine_api7serviceNtB6_19LoamSpineRpcService12append_entry0B8_
FNDA:1,_RNCNvMs_NtCs4SaE2cvVVUV_14loam_spine_api7serviceNtB6_19LoamSpineRpcService12commit_braid0B8_
FNDA:21,_RNCNvMs_NtCs4SaE2cvVVUV_14loam_spine_api7serviceNtB6_19LoamSpineRpcService12create_spine0B8_
FNDA:1,_RNCNvMs_NtCs4SaE2cvVVUV_14loam_spine_api7serviceNtB6_19LoamSpineRpcService12health_check0B8_
FNDA:1,_RNCNvMs_NtCs4SaE2cvVVUV_14loam_spine_api7serviceNtB6_19LoamSpineRpcService14checkout_slice0B8_
FNDA:1,_RNCNvMs_NtCs4SaE2cvVVUV_14loam_spine_api7serviceNtB6_19LoamSpineRpcService14commit_session0B8_
FNDA:2,_RNCNvMs_NtCs4SaE2cvVVUV_14loam_spine_api7serviceNtB6_19LoamSpineRpcService15get_certificate0B8_
FNDA:1,_RNCNvMs_NtCs4SaE2cvVVUV_14loam_spine_api7serviceNtB6_19LoamSpineRpcService16loan_certificate0B8_
FNDA:2,_RNCNvMs_NtCs4SaE2cvVVUV_14loam_spine_api7serviceNtB6_19LoamSpineRpcService16mint_certificate0B8_
FNDA:1,_RNCNvMs_NtCs4SaE2cvVVUV_14loam_spine_api7serviceNtB6_19LoamSpineRpcService18return_certificate0B8_
FNDA:1,_RNCNvMs_NtCs4SaE2cvVVUV_14loam_spine_api7serviceNtB6_19LoamSpineRpcService20transfer_certificate0B8_
FNDA:1,_RNCNvMs_NtCs4SaE2cvVVUV_14loam_spine_api7serviceNtB6_19LoamSpineRpcService22verify_inclusion_proof0B8_
FNDA:1,_RNCNvMs_NtCs4SaE2cvVVUV_14loam_spine_api7serviceNtB6_19LoamSpineRpcService24generate_inclusion_proof0B8_
FNDA:1,_RNCNvMs_NtCs4SaE2cvVVUV_14loam_spine_api7serviceNtB6_19LoamSpineRpcService7get_tip0B8_
FNDA:0,_RNCNvMs_NtCs4SaE2cvVVUV_14loam_spine_api7serviceNtB6_19LoamSpineRpcService8liveness0B8_
FNDA:1,_RNCNvMs_NtCs4SaE2cvVVUV_14loam_spine_api7serviceNtB6_19LoamSpineRpcService9get_entry0B8_
FNDA:3,_RNCNvMs_NtCs4SaE2cvVVUV_14loam_spine_api7serviceNtB6_19LoamSpineRpcService9get_spine0B8_
FNDA:0,_RNCNvMs_NtCs4SaE2cvVVUV_14loam_spine_api7serviceNtB6_19LoamSpineRpcService9readiness0B8_
FNDA:28,_RNvMNtCs4S1xE8DPCBn_14loam_spine_api7serviceNtB2_19LoamSpineRpcService15default_service
FNDA:28,_RNvMNtCs4S1xE8DPCBn_14loam_spine_api7serviceNtB2_19LoamSpineRpcService3new
FNDA:12,_RNvMNtCs4S1xE8DPCBn_14loam_spine_api7serviceNtB2_19LoamSpineRpcService4core
FNDA:38,_RNvMNtCs4S1xE8DPCBn_14loam_spine_api7serviceNtB2_19LoamSpineRpcService8core_mut
FNDA:4,_RNvMs_NtCs4S1xE8DPCBn_14loam_spine_api7serviceNtB4_19LoamSpineRpcService10seal_spine
FNDA:1,_RNvMs_NtCs4S1xE8DPCBn_14loam_spine_api7serviceNtB4_19LoamSpineRpcService12anchor_slice
FNDA:3,_RNvMs_NtCs4S1xE8DPCBn_14loam_spine_api7serviceNtB4_19LoamSpineRpcService12append_entry
FNDA:1,_RNvMs_NtCs4S1xE8DPCBn_14loam_spine_api7serviceNtB4_19LoamSpineRpcService12commit_braid
FNDA:19,_RNvMs_NtCs4S1xE8DPCBn_14loam_spine_api7serviceNtB4_19LoamSpineRpcService12create_spine
FNDA:3,_RNvMs_NtCs4S1xE8DPCBn_14loam_spine_api7serviceNtB4_19LoamSpineRpcService12health_check
FNDA:2,_RNvMs_NtCs4S1xE8DPCBn_14loam_spine_api7serviceNtB4_19LoamSpineRpcService14commit_session
FNDA:4,_RNvMs_NtCs4S1xE8DPCBn_14loam_spine_api7serviceNtB4_19LoamSpineRpcService15get_certificate
FNDA:1,_RNvMs_NtCs4S1xE8DPCBn_14loam_spine_api7serviceNtB4_19LoamSpineRpcService16loan_certificate
FNDA:5,_RNvMs_NtCs4S1xE8DPCBn_14loam_spine_api7serviceNtB4_19LoamSpineRpcService16mint_certificate
FNDA:1,_RNvMs_NtCs4S1xE8DPCBn_14loam_spine_api7serviceNtB4_19LoamSpineRpcService18return_certificate
FNDA:1,_RNvMs_NtCs4S1xE8DPCBn_14loam_spine_api7serviceNtB4_19LoamSpineRpcService20transfer_certificate
FNDA:1,_RNvMs_NtCs4S1xE8DPCBn_14loam_spine_api7serviceNtB4_19LoamSpineRpcService24generate_inclusion_proof
FNDA:1,_RNvMs_NtCs4S1xE8DPCBn_14loam_spine_api7serviceNtB4_19LoamSpineRpcService9get_entry
FNDA:3,_RNvMs_NtCs4S1xE8DPCBn_14loam_spine_api7serviceNtB4_19LoamSpineRpcService9get_spine
FNDA:0,_RNCNCNvMs_NtCs4S1xE8DPCBn_14loam_spine_api7serviceNtB8_19LoamSpineRpcService12append_entry00Ba_
FNDA:0,_RNCNCNvMs_NtCs4S1xE8DPCBn_14loam_spine_api7serviceNtB8_19LoamSpineRpcService12create_spine00Ba_
FNDA:12,_RNCNvMNtCs4S1xE8DPCBn_14loam_spine_api7serviceNtB4_19LoamSpineRpcService4core0B6_
FNDA:38,_RNCNvMNtCs4S1xE8DPCBn_14loam_spine_api7serviceNtB4_19LoamSpineRpcService8core_mut0B6_
FNDA:4,_RNCNvMs_NtCs4S1xE8DPCBn_14loam_spine_api7serviceNtB6_19LoamSpineRpcService10seal_spine0B8_
FNDA:1,_RNCNvMs_NtCs4S1xE8DPCBn_14loam_spine_api7serviceNtB6_19LoamSpineRpcService12anchor_slice0B8_
FNDA:3,_RNCNvMs_NtCs4S1xE8DPCBn_14loam_spine_api7serviceNtB6_19LoamSpineRpcService12append_entry0B8_
FNDA:1,_RNCNvMs_NtCs4S1xE8DPCBn_14loam_spine_api7serviceNtB6_19LoamSpineRpcService12commit_braid0B8_
FNDA:19,_RNCNvMs_NtCs4S1xE8DPCBn_14loam_spine_api7serviceNtB6_19LoamSpineRpcService12create_spine0B8_
FNDA:3,_RNCNvMs_NtCs4S1xE8DPCBn_14loam_spine_api7serviceNtB6_19LoamSpineRpcService12health_check0B8_
FNDA:2,_RNCNvMs_NtCs4S1xE8DPCBn_14loam_spine_api7serviceNtB6_19LoamSpineRpcService14commit_session0B8_
FNDA:4,_RNCNvMs_NtCs4S1xE8DPCBn_14loam_spine_api7serviceNtB6_19LoamSpineRpcService15get_certificate0B8_
FNDA:1,_RNCNvMs_NtCs4S1xE8DPCBn_14loam_spine_api7serviceNtB6_19LoamSpineRpcService16loan_certificate0B8_
FNDA:5,_RNCNvMs_NtCs4S1xE8DPCBn_14loam_spine_api7serviceNtB6_19LoamSpineRpcService16mint_certificate0B8_
FNDA:1,_RNCNvMs_NtCs4S1xE8DPCBn_14loam_spine_api7serviceNtB6_19LoamSpineRpcService18return_certificate0B8_
FNDA:1,_RNCNvMs_NtCs4S1xE8DPCBn_14loam_spine_api7serviceNtB6_19LoamSpineRpcService20transfer_certificate0B8_
FNDA:1,_RNCNvMs_NtCs4S1xE8DPCBn_14loam_spine_api7serviceNtB6_19LoamSpineRpcService24generate_inclusion_proof0B8_
FNDA:1,_RNCNvMs_NtCs4S1xE8DPCBn_14loam_spine_api7serviceNtB6_19LoamSpineRpcService9get_entry0B8_
FNDA:3,_RNCNvMs_NtCs4S1xE8DPCBn_14loam_spine_api7serviceNtB6_19LoamSpineRpcService9get_spine0B8_
FNDA:1,_RNvNtNtCs4S1xE8DPCBn_14loam_spine_api7service5testss_15test_seal_spine
FNDA:1,_RNvNtNtCs4S1xE8DPCBn_14loam_spine_api7service5testss_17test_anchor_slice
FNDA:1,_RNvNtNtCs4S1xE8DPCBn_14loam_spine_api7service5testss_17test_append_entry
FNDA:1,_RNvNtNtCs4S1xE8DPCBn_14loam_spine_api7service5testss_21test_mint_certificate
FNDA:1,_RNvNtNtCs4S1xE8DPCBn_14loam_spine_api7service5testss_21test_service_creation
FNDA:1,_RNvNtNtCs4S1xE8DPCBn_14loam_spine_api7service5testss_25test_certificate_transfer
FNDA:1,_RNvNtNtCs4S1xE8DPCBn_14loam_spine_api7service5testss_25test_create_and_get_spine
FNDA:1,_RNvNtNtCs4S1xE8DPCBn_14loam_spine_api7service5testss_29test_generate_inclusion_proof
FNDA:1,_RNvNtNtCs4S1xE8DPCBn_14loam_spine_api7service5testss_32test_certificate_loan_and_return
FNDA:0,_RNCNCNvMs_NtCs4S1xE8DPCBn_14loam_spine_api7serviceNtB8_19LoamSpineRpcService7get_tip00Ba_
FNDA:0,_RNCNCNvMs_NtCs4S1xE8DPCBn_14loam_spine_api7serviceNtB8_19LoamSpineRpcService7get_tip0s_0Ba_
FNDA:0,_RNCNvMs_NtCs4S1xE8DPCBn_14loam_spine_api7serviceNtB6_19LoamSpineRpcService14checkout_slice0B8_
FNDA:0,_RNCNvMs_NtCs4S1xE8DPCBn_14loam_spine_api7serviceNtB6_19LoamSpineRpcService22verify_inclusion_proof0B8_
FNDA:0,_RNCNvMs_NtCs4S1xE8DPCBn_14loam_spine_api7serviceNtB6_19LoamSpineRpcService7get_tip0B8_
FNDA:0,_RNCNvMs_NtCs4S1xE8DPCBn_14loam_spine_api7serviceNtB6_19LoamSpineRpcService8liveness0B8_
FNDA:0,_RNCNvMs_NtCs4S1xE8DPCBn_14loam_spine_api7serviceNtB6_19LoamSpineRpcService9readiness0B8_
FNDA:0,_RNvMs_NtCs4S1xE8DPCBn_14loam_spine_api7serviceNtB4_19LoamSpineRpcService14checkout_slice
FNDA:0,_RNvMs_NtCs4S1xE8DPCBn_14loam_spine_api7serviceNtB4_19LoamSpineRpcService22verify_inclusion_proof
FNDA:0,_RNvMs_NtCs4S1xE8DPCBn_14loam_spine_api7serviceNtB4_19LoamSpineRpcService7get_tip
FNDA:0,_RNvMs_NtCs4S1xE8DPCBn_14loam_spine_api7serviceNtB4_19LoamSpineRpcService8liveness
FNDA:0,_RNvMs_NtCs4S1xE8DPCBn_14loam_spine_api7serviceNtB4_19LoamSpineRpcService9readiness
FNDA:1,_RNCNvNtNtCs4S1xE8DPCBn_14loam_spine_api7service5testss_15test_seal_spine0B7_
FNDA:1,_RNCNvNtNtCs4S1xE8DPCBn_14loam_spine_api7service5testss_17test_anchor_slice0B7_
FNDA:1,_RNCNvNtNtCs4S1xE8DPCBn_14loam_spine_api7service5testss_17test_append_entry0B7_
FNDA:1,_RNCNvNtNtCs4S1xE8DPCBn_14loam_spine_api7service5testss_21test_mint_certificate0B7_
FNDA:1,_RNCNvNtNtCs4S1xE8DPCBn_14loam_spine_api7service5testss_21test_service_creation0B7_
FNDA:1,_RNCNvNtNtCs4S1xE8DPCBn_14loam_spine_api7service5testss_25test_certificate_transfer0B7_
FNDA:1,_RNCNvNtNtCs4S1xE8DPCBn_14loam_spine_api7service5testss_25test_create_and_get_spine0B7_
FNDA:1,_RNCNvNtNtCs4S1xE8DPCBn_14loam_spine_api7service5testss_29test_generate_inclusion_proof0B7_
FNDA:1,_RNCNvNtNtCs4S1xE8DPCBn_14loam_spine_api7service5testss_32test_certificate_loan_and_return0B7_
FNF:68
FNH:60
DA:28,41
DA:29,41
DA:30,41
DA:31,41
DA:32,41
DA:36,41
DA:37,41
DA:38,41
DA:41,21
DA:42,21
DA:43,21
DA:46,74
DA:47,74
DA:48,74
DA:58,40
DA:59,40
DA:60,40
DA:61,40
DA:62,40
DA:63,40
DA:64,40
DA:65,40
DA:66,40
DA:69,40
DA:70,40
DA:71,40
DA:72,40
DA:73,40
DA:75,40
DA:76,40
DA:77,40
DA:78,40
DA:79,40
DA:86,6
DA:87,6
DA:88,6
DA:89,3
DA:90,3
DA:91,3
DA:92,3
DA:93,3
DA:94,3
DA:95,3
DA:96,3
DA:98,6
DA:105,5
DA:106,5
DA:107,5
DA:108,4
DA:109,4
DA:110,4
DA:111,4
DA:112,1
DA:114,5
DA:121,8
DA:122,8
DA:123,8
DA:124,8
DA:125,8
DA:126,8
DA:127,8
DA:128,8
DA:129,8
DA:132,8
DA:133,8
DA:134,8
DA:135,8
DA:136,8
DA:138,8
DA:139,8
DA:140,8
DA:141,8
DA:142,8
DA:149,2
DA:150,2
DA:152,2
DA:153,2
DA:154,2
DA:155,2
DA:156,2
DA:157,0
DA:158,0
DA:159,0
DA:160,0
DA:162,2
DA:169,1
DA:170,1
DA:171,1
DA:172,1
DA:173,1
DA:174,1
DA:175,1
DA:177,1
DA:178,1
DA:179,1
DA:180,1
DA:181,1
DA:183,1
DA:184,1
DA:185,1
DA:186,1
DA:187,1
DA:188,1
DA:189,1
DA:190,1
DA:197,7
DA:198,7
DA:199,7
DA:200,7
DA:201,7
DA:202,7
DA:203,7
DA:204,7
DA:205,7
DA:206,7
DA:207,7
DA:208,7
DA:209,7
DA:210,7
DA:212,7
DA:213,7
DA:214,7
DA:215,7
DA:216,7
DA:223,2
DA:224,2
DA:225,2
DA:226,2
DA:227,2
DA:228,2
DA:229,2
DA:230,2
DA:232,2
DA:233,2
DA:234,2
DA:235,2
DA:236,0
DA:238,2
DA:245,2
DA:246,2
DA:247,2
DA:248,2
DA:249,2
DA:250,2
DA:251,2
DA:252,2
DA:253,2
DA:254,2
DA:255,2
DA:256,2
DA:257,2
DA:259,2
DA:260,2
DA:261,2
DA:262,2
DA:263,0
DA:265,2
DA:272,2
DA:273,2
DA:274,2
DA:275,2
DA:276,2
DA:277,2
DA:278,2
DA:279,2
DA:281,2
DA:282,2
DA:283,2
DA:284,2
DA:285,0
DA:287,2
DA:294,6
DA:295,6
DA:296,6
DA:297,6
DA:298,6
DA:299,6
DA:300,6
DA:301,6
DA:302,6
DA:303,6
DA:304,0
DA:305,0
DA:306,0
DA:307,0
DA:309,6
DA:316,2
DA:317,2
DA:318,2
DA:319,2
DA:320,2
DA:324,2
DA:326,2
DA:327,2
DA:328,2
DA:329,2
DA:330,2
DA:331,2
DA:332,2
DA:333,2
DA:334,2
DA:336,2
DA:337,2
DA:344,1
DA:345,1
DA:346,1
DA:347,1
DA:348,1
DA:351,1
DA:352,1
DA:353,1
DA:354,1
DA:355,1
DA:356,1
DA:357,1
DA:358,1
DA:359,1
DA:360,1
DA:361,1
DA:362,1
DA:363,1
DA:364,1
DA:366,0
DA:367,0
DA:368,0
DA:369,0
DA:370,1
DA:372,1
DA:379,2
DA:380,2
DA:381,2
DA:382,2
DA:383,2
DA:384,2
DA:385,2
DA:386,2
DA:387,2
DA:389,2
DA:390,2
DA:397,1
DA:398,1
DA:399,1
DA:400,1
DA:401,1
DA:402,1
DA:403,1
DA:404,1
DA:405,1
DA:407,0
DA:410,1
DA:417,4
DA:418,4
DA:419,4
DA:420,4
DA:421,4
DA:422,4
DA:423,4
DA:425,4
DA:426,2
DA:427,2
DA:428,2
DA:429,2
DA:430,2
DA:431,2
DA:432,2
DA:433,2
DA:434,2
DA:436,2
DA:439,4
DA:440,4
DA:445,0
DA:446,0
DA:447,0
DA:448,0
DA:457,0
DA:459,0
DA:462,0
DA:463,0
DA:464,0
DA:465,0
DA:466,0
DA:473,3
DA:474,3
DA:475,3
DA:476,3
DA:477,3
DA:480,3
DA:481,3
DA:483,3
DA:484,3
DA:485,3
DA:486,3
DA:488,3
DA:489,3
DA:490,3
DA:491,3
DA:492,3
DA:499,2
DA:500,2
DA:501,2
DA:502,2
DA:503,2
DA:507,2
DA:508,2
DA:509,2
DA:510,2
DA:511,2
DA:512,2
DA:515,3
DA:516,1
DA:517,1
DA:519,2
DA:520,2
DA:521,2
DA:522,2
DA:526,2
DA:527,2
DA:528,2
DA:529,2
DA:530,2
DA:540,1
DA:541,1
DA:542,1
DA:543,1
DA:544,1
DA:545,1
DA:546,1
DA:547,1
DA:548,1
DA:549,1
DA:550,1
DA:553,1
DA:554,1
DA:555,1
DA:556,1
DA:557,1
DA:558,1
DA:559,1
DA:560,1
DA:561,1
DA:562,1
DA:563,1
DA:564,1
DA:565,1
DA:566,1
DA:567,1
DA:568,1
DA:569,1
DA:570,1
DA:571,1
DA:572,1
DA:573,1
DA:574,1
DA:575,1
DA:578,1
DA:579,1
DA:580,1
DA:581,1
DA:582,1
DA:583,1
DA:584,1
DA:585,1
DA:586,1
DA:587,1
DA:588,1
DA:589,1
DA:590,1
DA:591,1
DA:592,1
DA:593,1
DA:594,1
DA:595,1
DA:596,1
DA:597,1
DA:598,1
DA:599,1
DA:600,1
DA:601,1
DA:602,1
DA:603,1
DA:604,1
DA:605,1
DA:606,1
DA:607,1
DA:608,1
DA:609,1
DA:610,1
DA:611,1
DA:612,1
DA:613,1
DA:614,1
DA:615,1
DA:616,1
DA:617,1
DA:618,1
DA:619,1
DA:622,1
DA:623,1
DA:624,1
DA:625,1
DA:626,1
DA:627,1
DA:628,1
DA:629,1
DA:630,1
DA:631,1
DA:632,1
DA:633,1
DA:634,1
DA:635,1
DA:636,1
DA:637,1
DA:638,1
DA:639,1
DA:640,1
DA:641,1
DA:642,1
DA:643,1
DA:644,1
DA:645,1
DA:646,1
DA:647,1
DA:648,1
DA:649,1
DA:650,1
DA:651,1
DA:652,1
DA:653,1
DA:654,1
DA:655,1
DA:656,1
DA:657,1
DA:658,1
DA:659,1
DA:660,1
DA:661,1
DA:662,1
DA:663,1
DA:664,1
DA:665,1
DA:666,1
DA:667,1
DA:668,1
DA:669,1
DA:670,1
DA:671,1
DA:672,1
DA:673,1
DA:674,1
DA:675,1
DA:676,1
DA:679,1
DA:680,1
DA:681,1
DA:682,1
DA:683,1
DA:684,1
DA:685,1
DA:686,1
DA:687,1
DA:688,1
DA:689,1
DA:690,1
DA:691,1
DA:692,1
DA:693,1
DA:694,1
DA:695,1
DA:696,1
DA:697,1
DA:698,1
DA:699,1
DA:700,1
DA:701,1
DA:702,1
DA:703,1
DA:704,1
DA:705,1
DA:706,1
DA:707,1
DA:708,1
DA:709,1
DA:710,1
DA:711,1
DA:712,1
DA:713,1
DA:714,1
DA:715,1
DA:716,1
DA:717,1
DA:718,1
DA:719,1
DA:720,1
DA:721,1
DA:722,1
DA:723,1
DA:724,1
DA:725,1
DA:726,1
DA:727,1
DA:728,1
DA:729,1
DA:730,1
DA:731,1
DA:732,1
DA:733,1
DA:734,1
DA:735,1
DA:736,1
DA:737,1
DA:738,1
DA:739,1
DA:740,1
DA:741,1
DA:742,1
DA:743,1
DA:744,1
DA:745,1
DA:746,1
DA:749,1
DA:750,1
DA:751,1
DA:752,1
DA:753,1
DA:754,1
DA:755,1
DA:756,1
DA:757,1
DA:758,1
DA:759,1
DA:760,1
DA:761,1
DA:762,1
DA:763,1
DA:764,1
DA:765,1
DA:766,1
DA:767,1
DA:768,1
DA:769,1
DA:770,1
DA:771,1
DA:772,1
DA:773,1
DA:774,1
DA:775,1
DA:776,1
DA:777,1
DA:778,1
DA:779,1
DA:780,1
DA:781,1
DA:782,1
DA:783,1
DA:784,1
DA:787,1
DA:788,1
DA:789,1
DA:790,1
DA:791,1
DA:792,1
DA:793,1
DA:794,1
DA:795,1
DA:796,1
DA:797,1
DA:798,1
DA:799,1
DA:800,1
DA:801,1
DA:802,1
DA:803,1
DA:804,1
DA:805,1
DA:806,1
DA:807,1
DA:808,1
DA:809,1
DA:810,1
DA:811,1
DA:812,1
DA:813,1
DA:814,1
DA:815,1
DA:816,1
DA:817,1
DA:818,1
DA:819,1
DA:820,1
DA:821,1
DA:822,1
DA:823,1
DA:824,1
DA:825,1
DA:826,1
DA:827,1
DA:828,1
DA:829,1
DA:830,1
DA:833,1
DA:834,1
DA:835,1
DA:836,1
DA:837,1
DA:838,1
DA:839,1
DA:840,1
DA:841,1
DA:842,1
DA:843,1
DA:844,1
DA:845,1
DA:846,1
DA:847,1
DA:848,1
DA:849,1
DA:850,1
DA:851,1
DA:852,1
DA:853,1
DA:854,1
DA:855,1
DA:856,1
DA:857,1
DA:858,1
DA:859,1
DA:860,1
DA:861,1
DA:862,1
DA:863,1
DA:864,1
DA:865,1
DA:866,1
DA:867,1
DA:868,1
DA:869,1
DA:870,1
DA:873,1
DA:874,1
DA:875,1
DA:876,1
DA:877,1
DA:878,1
DA:879,1
DA:880,1
DA:881,1
DA:882,1
DA:883,1
DA:884,1
DA:885,1
DA:886,1
DA:887,1
DA:888,1
DA:889,1
DA:890,1
DA:891,1
DA:892,1
DA:893,1
DA:894,1
DA:895,1
DA:896,1
DA:897,1
DA:898,1
DA:899,1
DA:900,1
DA:901,1
DA:902,1
DA:903,1
DA:904,1
DA:905,1
DA:906,1
DA:907,1
DA:908,1
DA:909,1
DA:910,1
DA:911,1
DA:912,1
DA:913,1
DA:914,1
BRF:0
BRH:0
LF:1008
LH:975
end_of_record
SF:/path/to/ecoPrimals/phase2/loamSpine/crates/loam-spine-api/src/tarpc_server.rs
FN:206,_RNCNCNCNvNtCs4SaE2cvVVUV_14loam_spine_api12tarpc_server16run_tarpc_server000B9_
FN:231,_RNCNCNCNvNtCs4SaE2cvVVUV_14loam_spine_api12tarpc_server16run_tarpc_server0s1_00B9_
FN:219,_RNCNCNCNvNtCs4SaE2cvVVUV_14loam_spine_api12tarpc_server16run_tarpc_server0s_00B9_
FN:220,_RNCNCNCNvNtCs4SaE2cvVVUV_14loam_spine_api12tarpc_server16run_tarpc_server0s_0s_0B9_
FN:214,_RNCNCNvNtCs4SaE2cvVVUV_14loam_spine_api12tarpc_server16run_tarpc_server00B7_
FN:223,_RNCNCNvNtCs4SaE2cvVVUV_14loam_spine_api12tarpc_server16run_tarpc_server0s0_0B7_
FN:231,_RNCNCNvNtCs4SaE2cvVVUV_14loam_spine_api12tarpc_server16run_tarpc_server0s1_0B7_
FN:217,_RNCNCNvNtCs4SaE2cvVVUV_14loam_spine_api12tarpc_server16run_tarpc_server0s_0B7_
FN:199,_RNCNvNtCs4SaE2cvVVUV_14loam_spine_api12tarpc_server16run_tarpc_server0B5_
FN:66,_RNCNvXs_NtCs4SaE2cvVVUV_14loam_spine_api12tarpc_serverNtB6_20LoamSpineTarpcServerNtNtB8_3rpc12LoamSpineRpc10seal_spine0B8_
FN:138,_RNCNvXs_NtCs4SaE2cvVVUV_14loam_spine_api12tarpc_serverNtB6_20LoamSpineTarpcServerNtNtB8_3rpc12LoamSpineRpc12anchor_slice0B8_
FN:74,_RNCNvXs_NtCs4SaE2cvVVUV_14loam_spine_api12tarpc_serverNtB6_20LoamSpineTarpcServerNtNtB8_3rpc12LoamSpineRpc12append_entry0B8_
FN:186,_RNCNvXs_NtCs4SaE2cvVVUV_14loam_spine_api12tarpc_serverNtB6_20LoamSpineTarpcServerNtNtB8_3rpc12LoamSpineRpc12commit_braid0B8_
FN:50,_RNCNvXs_NtCs4SaE2cvVVUV_14loam_spine_api12tarpc_serverNtB6_20LoamSpineTarpcServerNtNtB8_3rpc12LoamSpineRpc12create_spine0B8_
FN:170,_RNCNvXs_NtCs4SaE2cvVVUV_14loam_spine_api12tarpc_serverNtB6_20LoamSpineTarpcServerNtNtB8_3rpc12LoamSpineRpc12health_check0B8_
FN:146,_RNCNvXs_NtCs4SaE2cvVVUV_14loam_spine_api12tarpc_serverNtB6_20LoamSpineTarpcServerNtNtB8_3rpc12LoamSpineRpc14checkout_slice0B8_
FN:178,_RNCNvXs_NtCs4SaE2cvVVUV_14loam_spine_api12tarpc_serverNtB6_20LoamSpineTarpcServerNtNtB8_3rpc12LoamSpineRpc14commit_session0B8_
FN:130,_RNCNvXs_NtCs4SaE2cvVVUV_14loam_spine_api12tarpc_serverNtB6_20LoamSpineTarpcServerNtNtB8_3rpc12LoamSpineRpc15get_certificate0B8_
FN:114,_RNCNvXs_NtCs4SaE2cvVVUV_14loam_spine_api12tarpc_serverNtB6_20LoamSpineTarpcServerNtNtB8_3rpc12LoamSpineRpc16loan_certificate0B8_
FN:98,_RNCNvXs_NtCs4SaE2cvVVUV_14loam_spine_api12tarpc_serverNtB6_20LoamSpineTarpcServerNtNtB8_3rpc12LoamSpineRpc16mint_certificate0B8_
FN:122,_RNCNvXs_NtCs4SaE2cvVVUV_14loam_spine_api12tarpc_serverNtB6_20LoamSpineTarpcServerNtNtB8_3rpc12LoamSpineRpc18return_certificate0B8_
FN:106,_RNCNvXs_NtCs4SaE2cvVVUV_14loam_spine_api12tarpc_serverNtB6_20LoamSpineTarpcServerNtNtB8_3rpc12LoamSpineRpc20transfer_certificate0B8_
FN:162,_RNCNvXs_NtCs4SaE2cvVVUV_14loam_spine_api12tarpc_serverNtB6_20LoamSpineTarpcServerNtNtB8_3rpc12LoamSpineRpc22verify_inclusion_proof0B8_
FN:154,_RNCNvXs_NtCs4SaE2cvVVUV_14loam_spine_api12tarpc_serverNtB6_20LoamSpineTarpcServerNtNtB8_3rpc12LoamSpineRpc24generate_inclusion_proof0B8_
FN:90,_RNCNvXs_NtCs4SaE2cvVVUV_14loam_spine_api12tarpc_serverNtB6_20LoamSpineTarpcServerNtNtB8_3rpc12LoamSpineRpc7get_tip0B8_
FN:82,_RNCNvXs_NtCs4SaE2cvVVUV_14loam_spine_api12tarpc_serverNtB6_20LoamSpineTarpcServerNtNtB8_3rpc12LoamSpineRpc9get_entry0B8_
FN:58,_RNCNvXs_NtCs4SaE2cvVVUV_14loam_spine_api12tarpc_serverNtB6_20LoamSpineTarpcServerNtNtB8_3rpc12LoamSpineRpc9get_spine0B8_
FN:257,_RNvNtNtCs4S1xE8DPCBn_14loam_spine_api12tarpc_server5testss_17test_server_clone
FN:243,_RNvNtNtCs4S1xE8DPCBn_14loam_spine_api12tarpc_server5testss_20test_server_creation
FN:313,_RNvNtNtCs4S1xE8DPCBn_14loam_spine_api12tarpc_server5testss_21test_tarpc_seal_spine
FN:339,_RNvNtNtCs4S1xE8DPCBn_14loam_spine_api12tarpc_server5testss_23test_tarpc_append_entry
FN:432,_RNvNtNtCs4S1xE8DPCBn_14loam_spine_api12tarpc_server5testss_23test_tarpc_commit_braid
FN:281,_RNvNtNtCs4S1xE8DPCBn_14loam_spine_api12tarpc_server5testss_23test_tarpc_create_spine
FN:266,_RNvNtNtCs4S1xE8DPCBn_14loam_spine_api12tarpc_server5testss_23test_tarpc_health_check
FN:248,_RNvNtNtCs4S1xE8DPCBn_14loam_spine_api12tarpc_server5testss_24test_server_with_service
FN:403,_RNvNtNtCs4S1xE8DPCBn_14loam_spine_api12tarpc_server5testss_25test_tarpc_commit_session
FN:371,_RNvNtNtCs4S1xE8DPCBn_14loam_spine_api12tarpc_server5testss_27test_tarpc_mint_certificate
FN:298,_RNvNtNtCs4S1xE8DPCBn_14loam_spine_api12tarpc_server5testss_32test_tarpc_get_nonexistent_spine
FN:39,_RNvMNtCs4S1xE8DPCBn_14loam_spine_api12tarpc_serverNtB2_20LoamSpineTarpcServer14default_server
FN:31,_RNvMNtCs4S1xE8DPCBn_14loam_spine_api12tarpc_serverNtB2_20LoamSpineTarpcServer3new
FN:62,_RNvXs_NtCs4S1xE8DPCBn_14loam_spine_api12tarpc_serverNtB4_20LoamSpineTarpcServerNtNtB6_3rpc12LoamSpineRpc10seal_spine
FN:70,_RNvXs_NtCs4S1xE8DPCBn_14loam_spine_api12tarpc_serverNtB4_20LoamSpineTarpcServerNtNtB6_3rpc12LoamSpineRpc12append_entry
FN:182,_RNvXs_NtCs4S1xE8DPCBn_14loam_spine_api12tarpc_serverNtB4_20LoamSpineTarpcServerNtNtB6_3rpc12LoamSpineRpc12commit_braid
FN:46,_RNvXs_NtCs4S1xE8DPCBn_14loam_spine_api12tarpc_serverNtB4_20LoamSpineTarpcServerNtNtB6_3rpc12LoamSpineRpc12create_spine
FN:166,_RNvXs_NtCs4S1xE8DPCBn_14loam_spine_api12tarpc_serverNtB4_20LoamSpineTarpcServerNtNtB6_3rpc12LoamSpineRpc12health_check
FN:174,_RNvXs_NtCs4S1xE8DPCBn_14loam_spine_api12tarpc_serverNtB4_20LoamSpineTarpcServerNtNtB6_3rpc12LoamSpineRpc14commit_session
FN:94,_RNvXs_NtCs4S1xE8DPCBn_14loam_spine_api12tarpc_serverNtB4_20LoamSpineTarpcServerNtNtB6_3rpc12LoamSpineRpc16mint_certificate
FN:54,_RNvXs_NtCs4S1xE8DPCBn_14loam_spine_api12tarpc_serverNtB4_20LoamSpineTarpcServerNtNtB6_3rpc12LoamSpineRpc9get_spine
FN:206,_RNCNCNCNvNtCs4S1xE8DPCBn_14loam_spine_api12tarpc_server16run_tarpc_server000B9_
FN:231,_RNCNCNCNvNtCs4S1xE8DPCBn_14loam_spine_api12tarpc_server16run_tarpc_server0s1_00B9_
FN:219,_RNCNCNCNvNtCs4S1xE8DPCBn_14loam_spine_api12tarpc_server16run_tarpc_server0s_00B9_
FN:220,_RNCNCNCNvNtCs4S1xE8DPCBn_14loam_spine_api12tarpc_server16run_tarpc_server0s_0s_0B9_
FN:214,_RNCNCNvNtCs4S1xE8DPCBn_14loam_spine_api12tarpc_server16run_tarpc_server00B7_
FN:223,_RNCNCNvNtCs4S1xE8DPCBn_14loam_spine_api12tarpc_server16run_tarpc_server0s0_0B7_
FN:231,_RNCNCNvNtCs4S1xE8DPCBn_14loam_spine_api12tarpc_server16run_tarpc_server0s1_0B7_
FN:217,_RNCNCNvNtCs4S1xE8DPCBn_14loam_spine_api12tarpc_server16run_tarpc_server0s_0B7_
FN:199,_RNCNvNtCs4S1xE8DPCBn_14loam_spine_api12tarpc_server16run_tarpc_server0B5_
FN:138,_RNCNvXs_NtCs4S1xE8DPCBn_14loam_spine_api12tarpc_serverNtB6_20LoamSpineTarpcServerNtNtB8_3rpc12LoamSpineRpc12anchor_slice0B8_
FN:146,_RNCNvXs_NtCs4S1xE8DPCBn_14loam_spine_api12tarpc_serverNtB6_20LoamSpineTarpcServerNtNtB8_3rpc12LoamSpineRpc14checkout_slice0B8_
FN:130,_RNCNvXs_NtCs4S1xE8DPCBn_14loam_spine_api12tarpc_serverNtB6_20LoamSpineTarpcServerNtNtB8_3rpc12LoamSpineRpc15get_certificate0B8_
FN:114,_RNCNvXs_NtCs4S1xE8DPCBn_14loam_spine_api12tarpc_serverNtB6_20LoamSpineTarpcServerNtNtB8_3rpc12LoamSpineRpc16loan_certificate0B8_
FN:122,_RNCNvXs_NtCs4S1xE8DPCBn_14loam_spine_api12tarpc_serverNtB6_20LoamSpineTarpcServerNtNtB8_3rpc12LoamSpineRpc18return_certificate0B8_
FN:106,_RNCNvXs_NtCs4S1xE8DPCBn_14loam_spine_api12tarpc_serverNtB6_20LoamSpineTarpcServerNtNtB8_3rpc12LoamSpineRpc20transfer_certificate0B8_
FN:162,_RNCNvXs_NtCs4S1xE8DPCBn_14loam_spine_api12tarpc_serverNtB6_20LoamSpineTarpcServerNtNtB8_3rpc12LoamSpineRpc22verify_inclusion_proof0B8_
FN:154,_RNCNvXs_NtCs4S1xE8DPCBn_14loam_spine_api12tarpc_serverNtB6_20LoamSpineTarpcServerNtNtB8_3rpc12LoamSpineRpc24generate_inclusion_proof0B8_
FN:90,_RNCNvXs_NtCs4S1xE8DPCBn_14loam_spine_api12tarpc_serverNtB6_20LoamSpineTarpcServerNtNtB8_3rpc12LoamSpineRpc7get_tip0B8_
FN:82,_RNCNvXs_NtCs4S1xE8DPCBn_14loam_spine_api12tarpc_serverNtB6_20LoamSpineTarpcServerNtNtB8_3rpc12LoamSpineRpc9get_entry0B8_
FN:196,_RNvNtCs4S1xE8DPCBn_14loam_spine_api12tarpc_server16run_tarpc_server
FN:134,_RNvXs_NtCs4S1xE8DPCBn_14loam_spine_api12tarpc_serverNtB4_20LoamSpineTarpcServerNtNtB6_3rpc12LoamSpineRpc12anchor_slice
FN:142,_RNvXs_NtCs4S1xE8DPCBn_14loam_spine_api12tarpc_serverNtB4_20LoamSpineTarpcServerNtNtB6_3rpc12LoamSpineRpc14checkout_slice
FN:126,_RNvXs_NtCs4S1xE8DPCBn_14loam_spine_api12tarpc_serverNtB4_20LoamSpineTarpcServerNtNtB6_3rpc12LoamSpineRpc15get_certificate
FN:110,_RNvXs_NtCs4S1xE8DPCBn_14loam_spine_api12tarpc_serverNtB4_20LoamSpineTarpcServerNtNtB6_3rpc12LoamSpineRpc16loan_certificate
FN:118,_RNvXs_NtCs4S1xE8DPCBn_14loam_spine_api12tarpc_serverNtB4_20LoamSpineTarpcServerNtNtB6_3rpc12LoamSpineRpc18return_certificate
FN:102,_RNvXs_NtCs4S1xE8DPCBn_14loam_spine_api12tarpc_serverNtB4_20LoamSpineTarpcServerNtNtB6_3rpc12LoamSpineRpc20transfer_certificate
FN:158,_RNvXs_NtCs4S1xE8DPCBn_14loam_spine_api12tarpc_serverNtB4_20LoamSpineTarpcServerNtNtB6_3rpc12LoamSpineRpc22verify_inclusion_proof
FN:150,_RNvXs_NtCs4S1xE8DPCBn_14loam_spine_api12tarpc_serverNtB4_20LoamSpineTarpcServerNtNtB6_3rpc12LoamSpineRpc24generate_inclusion_proof
FN:86,_RNvXs_NtCs4S1xE8DPCBn_14loam_spine_api12tarpc_serverNtB4_20LoamSpineTarpcServerNtNtB6_3rpc12LoamSpineRpc7get_tip
FN:78,_RNvXs_NtCs4S1xE8DPCBn_14loam_spine_api12tarpc_serverNtB4_20LoamSpineTarpcServerNtNtB6_3rpc12LoamSpineRpc9get_entry
FN:326,_RNCNCNvNtNtCs4S1xE8DPCBn_14loam_spine_api12tarpc_server5testss_21test_tarpc_seal_spine00B9_
FN:352,_RNCNCNvNtNtCs4S1xE8DPCBn_14loam_spine_api12tarpc_server5testss_23test_tarpc_append_entry00B9_
FN:445,_RNCNCNvNtNtCs4S1xE8DPCBn_14loam_spine_api12tarpc_server5testss_23test_tarpc_commit_braid00B9_
FN:293,_RNCNCNvNtNtCs4S1xE8DPCBn_14loam_spine_api12tarpc_server5testss_23test_tarpc_create_spine00B9_
FN:276,_RNCNCNvNtNtCs4S1xE8DPCBn_14loam_spine_api12tarpc_server5testss_23test_tarpc_health_check00B9_
FN:416,_RNCNCNvNtNtCs4S1xE8DPCBn_14loam_spine_api12tarpc_server5testss_25test_tarpc_commit_session00B9_
FN:384,_RNCNCNvNtNtCs4S1xE8DPCBn_14loam_spine_api12tarpc_server5testss_27test_tarpc_mint_certificate00B9_
FN:308,_RNCNCNvNtNtCs4S1xE8DPCBn_14loam_spine_api12tarpc_server5testss_32test_tarpc_get_nonexistent_spine00B9_
FN:313,_RNCNvNtNtCs4S1xE8DPCBn_14loam_spine_api12tarpc_server5testss_21test_tarpc_seal_spine0B7_
FN:339,_RNCNvNtNtCs4S1xE8DPCBn_14loam_spine_api12tarpc_server5testss_23test_tarpc_append_entry0B7_
FN:432,_RNCNvNtNtCs4S1xE8DPCBn_14loam_spine_api12tarpc_server5testss_23test_tarpc_commit_braid0B7_
FN:281,_RNCNvNtNtCs4S1xE8DPCBn_14loam_spine_api12tarpc_server5testss_23test_tarpc_create_spine0B7_
FN:266,_RNCNvNtNtCs4S1xE8DPCBn_14loam_spine_api12tarpc_server5testss_23test_tarpc_health_check0B7_
FN:403,_RNCNvNtNtCs4S1xE8DPCBn_14loam_spine_api12tarpc_server5testss_25test_tarpc_commit_session0B7_
FN:371,_RNCNvNtNtCs4S1xE8DPCBn_14loam_spine_api12tarpc_server5testss_27test_tarpc_mint_certificate0B7_
FN:298,_RNCNvNtNtCs4S1xE8DPCBn_14loam_spine_api12tarpc_server5testss_32test_tarpc_get_nonexistent_spine0B7_
FN:66,_RNCNvXs_NtCs4S1xE8DPCBn_14loam_spine_api12tarpc_serverNtB6_20LoamSpineTarpcServerNtNtB8_3rpc12LoamSpineRpc10seal_spine0B8_
FN:74,_RNCNvXs_NtCs4S1xE8DPCBn_14loam_spine_api12tarpc_serverNtB6_20LoamSpineTarpcServerNtNtB8_3rpc12LoamSpineRpc12append_entry0B8_
FN:186,_RNCNvXs_NtCs4S1xE8DPCBn_14loam_spine_api12tarpc_serverNtB6_20LoamSpineTarpcServerNtNtB8_3rpc12LoamSpineRpc12commit_braid0B8_
FN:50,_RNCNvXs_NtCs4S1xE8DPCBn_14loam_spine_api12tarpc_serverNtB6_20LoamSpineTarpcServerNtNtB8_3rpc12LoamSpineRpc12create_spine0B8_
FN:170,_RNCNvXs_NtCs4S1xE8DPCBn_14loam_spine_api12tarpc_serverNtB6_20LoamSpineTarpcServerNtNtB8_3rpc12LoamSpineRpc12health_check0B8_
FN:178,_RNCNvXs_NtCs4S1xE8DPCBn_14loam_spine_api12tarpc_serverNtB6_20LoamSpineTarpcServerNtNtB8_3rpc12LoamSpineRpc14commit_session0B8_
FN:98,_RNCNvXs_NtCs4S1xE8DPCBn_14loam_spine_api12tarpc_serverNtB6_20LoamSpineTarpcServerNtNtB8_3rpc12LoamSpineRpc16mint_certificate0B8_
FN:58,_RNCNvXs_NtCs4S1xE8DPCBn_14loam_spine_api12tarpc_serverNtB6_20LoamSpineTarpcServerNtNtB8_3rpc12LoamSpineRpc9get_spine0B8_
FNDA:0,_RNCNCNCNvNtCs4SaE2cvVVUV_14loam_spine_api12tarpc_server16run_tarpc_server000B9_
FNDA:0,_RNCNCNCNvNtCs4SaE2cvVVUV_14loam_spine_api12tarpc_server16run_tarpc_server0s1_00B9_
FNDA:0,_RNCNCNCNvNtCs4SaE2cvVVUV_14loam_spine_api12tarpc_server16run_tarpc_server0s_00B9_
FNDA:0,_RNCNCNCNvNtCs4SaE2cvVVUV_14loam_spine_api12tarpc_server16run_tarpc_server0s_0s_0B9_
FNDA:0,_RNCNCNvNtCs4SaE2cvVVUV_14loam_spine_api12tarpc_server16run_tarpc_server00B7_
FNDA:0,_RNCNCNvNtCs4SaE2cvVVUV_14loam_spine_api12tarpc_server16run_tarpc_server0s0_0B7_
FNDA:0,_RNCNCNvNtCs4SaE2cvVVUV_14loam_spine_api12tarpc_server16run_tarpc_server0s1_0B7_
FNDA:0,_RNCNCNvNtCs4SaE2cvVVUV_14loam_spine_api12tarpc_server16run_tarpc_server0s_0B7_
FNDA:0,_RNCNvNtCs4SaE2cvVVUV_14loam_spine_api12tarpc_server16run_tarpc_server0B5_
FNDA:0,_RNCNvXs_NtCs4SaE2cvVVUV_14loam_spine_api12tarpc_serverNtB6_20LoamSpineTarpcServerNtNtB8_3rpc12LoamSpineRpc10seal_spine0B8_
FNDA:0,_RNCNvXs_NtCs4SaE2cvVVUV_14loam_spine_api12tarpc_serverNtB6_20LoamSpineTarpcServerNtNtB8_3rpc12LoamSpineRpc12anchor_slice0B8_
FNDA:0,_RNCNvXs_NtCs4SaE2cvVVUV_14loam_spine_api12tarpc_serverNtB6_20LoamSpineTarpcServerNtNtB8_3rpc12LoamSpineRpc12append_entry0B8_
FNDA:0,_RNCNvXs_NtCs4SaE2cvVVUV_14loam_spine_api12tarpc_serverNtB6_20LoamSpineTarpcServerNtNtB8_3rpc12LoamSpineRpc12commit_braid0B8_
FNDA:0,_RNCNvXs_NtCs4SaE2cvVVUV_14loam_spine_api12tarpc_serverNtB6_20LoamSpineTarpcServerNtNtB8_3rpc12LoamSpineRpc12create_spine0B8_
FNDA:0,_RNCNvXs_NtCs4SaE2cvVVUV_14loam_spine_api12tarpc_serverNtB6_20LoamSpineTarpcServerNtNtB8_3rpc12LoamSpineRpc12health_check0B8_
FNDA:0,_RNCNvXs_NtCs4SaE2cvVVUV_14loam_spine_api12tarpc_serverNtB6_20LoamSpineTarpcServerNtNtB8_3rpc12LoamSpineRpc14checkout_slice0B8_
FNDA:0,_RNCNvXs_NtCs4SaE2cvVVUV_14loam_spine_api12tarpc_serverNtB6_20LoamSpineTarpcServerNtNtB8_3rpc12LoamSpineRpc14commit_session0B8_
FNDA:0,_RNCNvXs_NtCs4SaE2cvVVUV_14loam_spine_api12tarpc_serverNtB6_20LoamSpineTarpcServerNtNtB8_3rpc12LoamSpineRpc15get_certificate0B8_
FNDA:0,_RNCNvXs_NtCs4SaE2cvVVUV_14loam_spine_api12tarpc_serverNtB6_20LoamSpineTarpcServerNtNtB8_3rpc12LoamSpineRpc16loan_certificate0B8_
FNDA:0,_RNCNvXs_NtCs4SaE2cvVVUV_14loam_spine_api12tarpc_serverNtB6_20LoamSpineTarpcServerNtNtB8_3rpc12LoamSpineRpc16mint_certificate0B8_
FNDA:0,_RNCNvXs_NtCs4SaE2cvVVUV_14loam_spine_api12tarpc_serverNtB6_20LoamSpineTarpcServerNtNtB8_3rpc12LoamSpineRpc18return_certificate0B8_
FNDA:0,_RNCNvXs_NtCs4SaE2cvVVUV_14loam_spine_api12tarpc_serverNtB6_20LoamSpineTarpcServerNtNtB8_3rpc12LoamSpineRpc20transfer_certificate0B8_
FNDA:0,_RNCNvXs_NtCs4SaE2cvVVUV_14loam_spine_api12tarpc_serverNtB6_20LoamSpineTarpcServerNtNtB8_3rpc12LoamSpineRpc22verify_inclusion_proof0B8_
FNDA:0,_RNCNvXs_NtCs4SaE2cvVVUV_14loam_spine_api12tarpc_serverNtB6_20LoamSpineTarpcServerNtNtB8_3rpc12LoamSpineRpc24generate_inclusion_proof0B8_
FNDA:0,_RNCNvXs_NtCs4SaE2cvVVUV_14loam_spine_api12tarpc_serverNtB6_20LoamSpineTarpcServerNtNtB8_3rpc12LoamSpineRpc7get_tip0B8_
FNDA:0,_RNCNvXs_NtCs4SaE2cvVVUV_14loam_spine_api12tarpc_serverNtB6_20LoamSpineTarpcServerNtNtB8_3rpc12LoamSpineRpc9get_entry0B8_
FNDA:0,_RNCNvXs_NtCs4SaE2cvVVUV_14loam_spine_api12tarpc_serverNtB6_20LoamSpineTarpcServerNtNtB8_3rpc12LoamSpineRpc9get_spine0B8_
FNDA:1,_RNvNtNtCs4S1xE8DPCBn_14loam_spine_api12tarpc_server5testss_17test_server_clone
FNDA:1,_RNvNtNtCs4S1xE8DPCBn_14loam_spine_api12tarpc_server5testss_20test_server_creation
FNDA:1,_RNvNtNtCs4S1xE8DPCBn_14loam_spine_api12tarpc_server5testss_21test_tarpc_seal_spine
FNDA:1,_RNvNtNtCs4S1xE8DPCBn_14loam_spine_api12tarpc_server5testss_23test_tarpc_append_entry
FNDA:1,_RNvNtNtCs4S1xE8DPCBn_14loam_spine_api12tarpc_server5testss_23test_tarpc_commit_braid
FNDA:1,_RNvNtNtCs4S1xE8DPCBn_14loam_spine_api12tarpc_server5testss_23test_tarpc_create_spine
FNDA:1,_RNvNtNtCs4S1xE8DPCBn_14loam_spine_api12tarpc_server5testss_23test_tarpc_health_check
FNDA:1,_RNvNtNtCs4S1xE8DPCBn_14loam_spine_api12tarpc_server5testss_24test_server_with_service
FNDA:1,_RNvNtNtCs4S1xE8DPCBn_14loam_spine_api12tarpc_server5testss_25test_tarpc_commit_session
FNDA:1,_RNvNtNtCs4S1xE8DPCBn_14loam_spine_api12tarpc_server5testss_27test_tarpc_mint_certificate
FNDA:1,_RNvNtNtCs4S1xE8DPCBn_14loam_spine_api12tarpc_server5testss_32test_tarpc_get_nonexistent_spine
FNDA:10,_RNvMNtCs4S1xE8DPCBn_14loam_spine_api12tarpc_serverNtB2_20LoamSpineTarpcServer14default_server
FNDA:11,_RNvMNtCs4S1xE8DPCBn_14loam_spine_api12tarpc_serverNtB2_20LoamSpineTarpcServer3new
FNDA:1,_RNvXs_NtCs4S1xE8DPCBn_14loam_spine_api12tarpc_serverNtB4_20LoamSpineTarpcServerNtNtB6_3rpc12LoamSpineRpc10seal_spine
FNDA:1,_RNvXs_NtCs4S1xE8DPCBn_14loam_spine_api12tarpc_serverNtB4_20LoamSpineTarpcServerNtNtB6_3rpc12LoamSpineRpc12append_entry
FNDA:1,_RNvXs_NtCs4S1xE8DPCBn_14loam_spine_api12tarpc_serverNtB4_20LoamSpineTarpcServerNtNtB6_3rpc12LoamSpineRpc12commit_braid
FNDA:6,_RNvXs_NtCs4S1xE8DPCBn_14loam_spine_api12tarpc_serverNtB4_20LoamSpineTarpcServerNtNtB6_3rpc12LoamSpineRpc12create_spine
FNDA:1,_RNvXs_NtCs4S1xE8DPCBn_14loam_spine_api12tarpc_serverNtB4_20LoamSpineTarpcServerNtNtB6_3rpc12LoamSpineRpc12health_check
FNDA:1,_RNvXs_NtCs4S1xE8DPCBn_14loam_spine_api12tarpc_serverNtB4_20LoamSpineTarpcServerNtNtB6_3rpc12LoamSpineRpc14commit_session
FNDA:1,_RNvXs_NtCs4S1xE8DPCBn_14loam_spine_api12tarpc_serverNtB4_20LoamSpineTarpcServerNtNtB6_3rpc12LoamSpineRpc16mint_certificate
FNDA:1,_RNvXs_NtCs4S1xE8DPCBn_14loam_spine_api12tarpc_serverNtB4_20LoamSpineTarpcServerNtNtB6_3rpc12LoamSpineRpc9get_spine
FNDA:0,_RNCNCNCNvNtCs4S1xE8DPCBn_14loam_spine_api12tarpc_server16run_tarpc_server000B9_
FNDA:0,_RNCNCNCNvNtCs4S1xE8DPCBn_14loam_spine_api12tarpc_server16run_tarpc_server0s1_00B9_
FNDA:0,_RNCNCNCNvNtCs4S1xE8DPCBn_14loam_spine_api12tarpc_server16run_tarpc_server0s_00B9_
FNDA:0,_RNCNCNCNvNtCs4S1xE8DPCBn_14loam_spine_api12tarpc_server16run_tarpc_server0s_0s_0B9_
FNDA:0,_RNCNCNvNtCs4S1xE8DPCBn_14loam_spine_api12tarpc_server16run_tarpc_server00B7_
FNDA:0,_RNCNCNvNtCs4S1xE8DPCBn_14loam_spine_api12tarpc_server16run_tarpc_server0s0_0B7_
FNDA:0,_RNCNCNvNtCs4S1xE8DPCBn_14loam_spine_api12tarpc_server16run_tarpc_server0s1_0B7_
FNDA:0,_RNCNCNvNtCs4S1xE8DPCBn_14loam_spine_api12tarpc_server16run_tarpc_server0s_0B7_
FNDA:0,_RNCNvNtCs4S1xE8DPCBn_14loam_spine_api12tarpc_server16run_tarpc_server0B5_
FNDA:0,_RNCNvXs_NtCs4S1xE8DPCBn_14loam_spine_api12tarpc_serverNtB6_20LoamSpineTarpcServerNtNtB8_3rpc12LoamSpineRpc12anchor_slice0B8_
FNDA:0,_RNCNvXs_NtCs4S1xE8DPCBn_14loam_spine_api12tarpc_serverNtB6_20LoamSpineTarpcServerNtNtB8_3rpc12LoamSpineRpc14checkout_slice0B8_
FNDA:0,_RNCNvXs_NtCs4S1xE8DPCBn_14loam_spine_api12tarpc_serverNtB6_20LoamSpineTarpcServerNtNtB8_3rpc12LoamSpineRpc15get_certificate0B8_
FNDA:0,_RNCNvXs_NtCs4S1xE8DPCBn_14loam_spine_api12tarpc_serverNtB6_20LoamSpineTarpcServerNtNtB8_3rpc12LoamSpineRpc16loan_certificate0B8_
FNDA:0,_RNCNvXs_NtCs4S1xE8DPCBn_14loam_spine_api12tarpc_serverNtB6_20LoamSpineTarpcServerNtNtB8_3rpc12LoamSpineRpc18return_certificate0B8_
FNDA:0,_RNCNvXs_NtCs4S1xE8DPCBn_14loam_spine_api12tarpc_serverNtB6_20LoamSpineTarpcServerNtNtB8_3rpc12LoamSpineRpc20transfer_certificate0B8_
[...]
FN:334,_RNvNtNtNtCsiWUamAnYf7P_15loam_spine_core6traits7signing5testss_21mock_verifier_default
FN:233,_RNvNtNtNtCsiWUamAnYf7P_15loam_spine_core6traits7signing5testss_22mock_signer_signs_data
FN:342,_RNvNtNtNtCsiWUamAnYf7P_15loam_spine_core6traits7signing5testss_23mock_signer_debug_clone
FN:261,_RNvNtNtNtCsiWUamAnYf7P_15loam_spine_core6traits7signing5testss_24mock_verifier_permissive
FN:355,_RNvNtNtNtCsiWUamAnYf7P_15loam_spine_core6traits7signing5testss_25mock_verifier_debug_clone
FN:314,_RNvNtNtNtCsiWUamAnYf7P_15loam_spine_core6traits7signing5testss_26mock_verifier_entry_strict
FN:208,_RNvNtNtNtCsiWUamAnYf7P_15loam_spine_core6traits7signing5testss_28signature_verification_valid
FN:294,_RNvNtNtNtCsiWUamAnYf7P_15loam_spine_core6traits7signing5testss_30mock_verifier_entry_permissive
FN:215,_RNvNtNtNtCsiWUamAnYf7P_15loam_spine_core6traits7signing5testss_30signature_verification_invalid
FN:222,_RNvNtNtNtCsiWUamAnYf7P_15loam_spine_core6traits7signing5testss_34signature_verification_debug_clone
FN:53,_RINvMNtNtCsiWUamAnYf7P_15loam_spine_core6traits7signingNtB3_21SignatureVerification7invalidReEB7_
FNDA:0,_RINvMNtNtCskrSqHInbZEk_15loam_spine_core6traits7signingNtB3_21SignatureVerification7invalidpEB7_
FNDA:0,_RNCNvXs1_NtNtNtCskrSqHInbZEk_15loam_spine_core6traits7signing7testingNtB7_12MockVerifierNtB9_8Verifier12verify_entry0Bd_
FNDA:0,_RNCNvXs1_NtNtNtCskrSqHInbZEk_15loam_spine_core6traits7signing7testingNtB7_12MockVerifierNtB9_8Verifier6verify0Bd_
FNDA:0,_RNCNvXs_NtNtNtCskrSqHInbZEk_15loam_spine_core6traits7signing7testingNtB6_10MockSignerNtB8_6Signer4sign0Bc_
FNDA:0,_RINvMNtNtCskrSqHInbZEk_15loam_spine_core6traits7signingNtB3_21SignatureVerification7invalidNtNtCs6bBekJvxEMJ_5alloc6string6StringECsfPdauiQYI6e_22cli_signer_integration
FNDA:0,_RNvMNtNtCskrSqHInbZEk_15loam_spine_core6traits7signingNtB2_21SignatureVerification5valid
FNDA:6,_RNvMNtNtCsiWUamAnYf7P_15loam_spine_core6traits7signingNtB2_21SignatureVerification5valid
FNDA:10,_RNvMNtNtNtCsiWUamAnYf7P_15loam_spine_core6traits7signing7testingNtB2_10MockSigner3new
FNDA:8,_RNvMs0_NtNtNtCsiWUamAnYf7P_15loam_spine_core6traits7signing7testingNtB5_12MockVerifier10permissive
FNDA:3,_RNvMs0_NtNtNtCsiWUamAnYf7P_15loam_spine_core6traits7signing7testingNtB5_12MockVerifier6strict
FNDA:3,_RNvXs1_NtNtNtCsiWUamAnYf7P_15loam_spine_core6traits7signing7testingNtB5_12MockVerifierNtB7_8Verifier12verify_entry
FNDA:4,_RNvXs1_NtNtNtCsiWUamAnYf7P_15loam_spine_core6traits7signing7testingNtB5_12MockVerifierNtB7_8Verifier6verify
FNDA:4,_RNvXs_NtNtNtCsiWUamAnYf7P_15loam_spine_core6traits7signing7testingNtB4_10MockSignerNtB6_6Signer3did
FNDA:4,_RNvXs_NtNtNtCsiWUamAnYf7P_15loam_spine_core6traits7signing7testingNtB4_10MockSignerNtB6_6Signer4sign
FNDA:1,_RNCNvNtNtNtCsiWUamAnYf7P_15loam_spine_core6traits7signing5testss_20mock_verifier_strict0B9_
FNDA:1,_RNCNvNtNtNtCsiWUamAnYf7P_15loam_spine_core6traits7signing5testss_22mock_signer_signs_data0B9_
FNDA:1,_RNCNvNtNtNtCsiWUamAnYf7P_15loam_spine_core6traits7signing5testss_24mock_verifier_permissive0B9_
FNDA:1,_RNCNvNtNtNtCsiWUamAnYf7P_15loam_spine_core6traits7signing5testss_26mock_verifier_entry_strict0B9_
FNDA:1,_RNCNvNtNtNtCsiWUamAnYf7P_15loam_spine_core6traits7signing5testss_30mock_verifier_entry_permissive0B9_
FNDA:3,_RNCNvXs1_NtNtNtCsiWUamAnYf7P_15loam_spine_core6traits7signing7testingNtB7_12MockVerifierNtB9_8Verifier12verify_entry0Bd_
FNDA:4,_RNCNvXs1_NtNtNtCsiWUamAnYf7P_15loam_spine_core6traits7signing7testingNtB7_12MockVerifierNtB9_8Verifier6verify0Bd_
FNDA:4,_RNCNvXs_NtNtNtCsiWUamAnYf7P_15loam_spine_core6traits7signing7testingNtB6_10MockSignerNtB8_6Signer4sign0Bc_
FNDA:1,_RNvNtNtNtCsiWUamAnYf7P_15loam_spine_core6traits7signing5testss_20mock_verifier_strict
FNDA:1,_RNvNtNtNtCsiWUamAnYf7P_15loam_spine_core6traits7signing5testss_21mock_verifier_default
FNDA:1,_RNvNtNtNtCsiWUamAnYf7P_15loam_spine_core6traits7signing5testss_22mock_signer_signs_data
FNDA:1,_RNvNtNtNtCsiWUamAnYf7P_15loam_spine_core6traits7signing5testss_23mock_signer_debug_clone
FNDA:1,_RNvNtNtNtCsiWUamAnYf7P_15loam_spine_core6traits7signing5testss_24mock_verifier_permissive
FNDA:1,_RNvNtNtNtCsiWUamAnYf7P_15loam_spine_core6traits7signing5testss_25mock_verifier_debug_clone
FNDA:1,_RNvNtNtNtCsiWUamAnYf7P_15loam_spine_core6traits7signing5testss_26mock_verifier_entry_strict
FNDA:1,_RNvNtNtNtCsiWUamAnYf7P_15loam_spine_core6traits7signing5testss_28signature_verification_valid
FNDA:1,_RNvNtNtNtCsiWUamAnYf7P_15loam_spine_core6traits7signing5testss_30mock_verifier_entry_permissive
FNDA:1,_RNvNtNtNtCsiWUamAnYf7P_15loam_spine_core6traits7signing5testss_30signature_verification_invalid
FNDA:1,_RNvNtNtNtCsiWUamAnYf7P_15loam_spine_core6traits7signing5testss_34signature_verification_debug_clone
FNDA:4,_RINvMNtNtCsiWUamAnYf7P_15loam_spine_core6traits7signingNtB3_21SignatureVerification7invalidReEB7_
FNF:28
FNH:28
DA:43,6
DA:44,6
DA:45,6
DA:46,6
DA:47,6
DA:48,6
DA:49,6
DA:53,4
DA:54,4
DA:55,4
DA:56,4
DA:57,4
DA:58,4
DA:59,4
DA:136,10
DA:137,10
DA:138,10
DA:142,4
DA:143,4
DA:144,4
DA:145,4
DA:146,4
DA:148,4
DA:149,4
DA:150,4
DA:166,8
DA:167,8
DA:168,8
DA:172,3
DA:173,3
DA:174,3
DA:175,3
DA:176,3
DA:180,4
DA:181,4
DA:182,4
DA:183,4
DA:184,4
DA:185,4
DA:186,4
DA:187,2
DA:189,2
DA:191,4
DA:193,3
DA:194,3
DA:195,2
DA:197,1
DA:199,3
DA:208,1
DA:209,1
DA:210,1
DA:211,1
DA:212,1
DA:215,1
DA:216,1
DA:217,1
DA:218,1
DA:219,1
DA:222,1
DA:223,1
DA:224,1
DA:225,1
DA:228,1
DA:229,1
DA:230,1
DA:233,1
DA:234,1
DA:235,1
DA:236,1
DA:237,1
DA:238,1
DA:239,1
DA:240,1
DA:241,1
DA:242,1
DA:243,1
DA:244,1
DA:245,1
DA:246,1
DA:247,1
DA:248,1
DA:249,1
DA:250,1
DA:251,1
DA:252,1
DA:253,1
DA:254,1
DA:255,1
DA:256,1
DA:257,1
DA:258,1
DA:261,1
DA:262,1
DA:263,1
DA:264,1
DA:265,1
DA:266,1
DA:267,1
DA:268,1
DA:269,1
DA:270,1
DA:271,1
DA:272,1
DA:273,1
DA:274,1
DA:277,1
DA:278,1
DA:279,1
DA:280,1
DA:281,1
DA:282,1
DA:283,1
DA:284,1
DA:285,1
DA:286,1
DA:287,1
DA:288,1
DA:289,1
DA:290,1
DA:291,1
DA:294,1
DA:295,1
DA:296,1
DA:297,1
DA:298,1
DA:299,1
DA:300,1
DA:301,1
DA:302,1
DA:303,1
DA:304,1
DA:305,1
DA:306,1
DA:307,1
DA:308,1
DA:309,1
DA:310,1
DA:311,1
DA:314,1
DA:315,1
DA:316,1
DA:317,1
DA:318,1
DA:319,1
DA:320,1
DA:321,1
DA:322,1
DA:323,1
DA:324,1
DA:325,1
DA:326,1
DA:327,1
DA:328,1
DA:329,1
DA:330,1
DA:331,1
DA:334,1
DA:337,1
DA:338,1
DA:339,1
DA:342,1
DA:345,1
DA:346,1
DA:347,1
DA:350,1
DA:351,1
DA:352,1
DA:355,1
DA:358,1
DA:359,1
DA:360,1
DA:363,1
DA:364,1
DA:365,1
BRF:0
BRH:0
LF:241
LH:241
end_of_record
SF:/path/to/ecoPrimals/phase2/loamSpine/crates/loam-spine-core/src/types.rs
FN:61,_RINvMNtCskrSqHInbZEk_15loam_spine_core5typesNtB3_3Did3newNtNtCs6bBekJvxEMJ_5alloc6string6StringECs30gg8f98xHa_15api_integration
FN:67,_RNvMNtCskrSqHInbZEk_15loam_spine_core5typesNtB2_3Did6as_str
FN:97,_RNvMs2_NtCskrSqHInbZEk_15loam_spine_core5typesNtB5_9Signature3new
FN:103,_RNvMs2_NtCskrSqHInbZEk_15loam_spine_core5typesNtB5_9Signature5empty
FN:115,_RNvMs2_NtCskrSqHInbZEk_15loam_spine_core5typesNtB5_9Signature8as_bytes
FN:109,_RNvMs2_NtCskrSqHInbZEk_15loam_spine_core5typesNtB5_9Signature8is_empty
FN:145,_RNvMs4_NtCskrSqHInbZEk_15loam_spine_core5typesNtB5_9Timestamp10from_nanos
FN:134,_RNvMs4_NtCskrSqHInbZEk_15loam_spine_core5typesNtB5_9Timestamp3now
FN:157,_RNvMs4_NtCskrSqHInbZEk_15loam_spine_core5typesNtB5_9Timestamp7as_secs
FN:151,_RNvMs4_NtCskrSqHInbZEk_15loam_spine_core5typesNtB5_9Timestamp8as_nanos
FN:188,_RNvMs7_NtCskrSqHInbZEk_15loam_spine_core5typesNtB5_10PayloadRef3new
FN:206,_RNvNtCskrSqHInbZEk_15loam_spine_core5types10hash_bytes
FN:212,_RNvNtCskrSqHInbZEk_15loam_spine_core5types17format_hash_short
FN:79,_RNvXs0_NtCskrSqHInbZEk_15loam_spine_core5typesNtB5_3DidINtNtCs9sjCchOt1K7_4core7convert4FromNtNtCs6bBekJvxEMJ_5alloc6string6StringE4from
FN:85,_RNvXs1_NtCskrSqHInbZEk_15loam_spine_core5typesNtB5_3DidINtNtCs9sjCchOt1K7_4core7convert4FromReE4from
FN:121,_RNvXs3_NtCskrSqHInbZEk_15loam_spine_core5typesNtB5_9SignatureNtNtCs9sjCchOt1K7_4core7default7Default7default
FN:163,_RNvXs5_NtCskrSqHInbZEk_15loam_spine_core5typesNtB5_9TimestampNtNtCs9sjCchOt1K7_4core7default7Default7default
FN:169,_RNvXs6_NtCskrSqHInbZEk_15loam_spine_core5typesNtB5_9TimestampNtNtCs9sjCchOt1K7_4core3fmt7Display3fmt
FN:264,_RNvXs9_NtCskrSqHInbZEk_15loam_spine_core5typesRShNtB5_14IntoByteBuffer16into_byte_buffer
FN:73,_RNvXs_NtCskrSqHInbZEk_15loam_spine_core5typesNtB4_3DidNtNtCs9sjCchOt1K7_4core3fmt7Display3fmt
FN:270,_RNvXsa_NtCskrSqHInbZEk_15loam_spine_core5typesReNtB5_14IntoByteBuffer16into_byte_buffer
FN:220,_RNvNtNtCskrSqHInbZEk_15loam_spine_core5types3hex6encode
FN:138,_RNCNvMs4_NtCskrSqHInbZEk_15loam_spine_core5typesNtB7_9Timestamp3now0B9_
FN:61,_RINvMNtCskrSqHInbZEk_15loam_spine_core5typesNtB3_3Did3newpEB5_
FN:198,_RINvMs7_NtCskrSqHInbZEk_15loam_spine_core5typesNtB6_10PayloadRef14with_mime_typepEB8_
FN:61,_RINvMNtCskrSqHInbZEk_15loam_spine_core5typesNtB3_3Did3newNtNtCs6bBekJvxEMJ_5alloc6string6StringECsd5Jd4nU1YRX_5chaos
FN:61,_RINvMNtCskrSqHInbZEk_15loam_spine_core5typesNtB3_3Did3newReECsd5Jd4nU1YRX_5chaos
FN:61,_RINvMNtCskrSqHInbZEk_15loam_spine_core5typesNtB3_3Did3newNtNtCs6bBekJvxEMJ_5alloc6string6StringECsfPdauiQYI6e_22cli_signer_integration
FN:61,_RINvMNtCskrSqHInbZEk_15loam_spine_core5typesNtB3_3Did3newReECslk0Lj0FVdsD_3e2e
FN:61,_RINvMNtCskrSqHInbZEk_15loam_spine_core5typesNtB3_3Did3newReECs4S1xE8DPCBn_14loam_spine_api
FN:258,_RNvXs8_NtCsiWUamAnYf7P_15loam_spine_core5typesINtNtCs6bBekJvxEMJ_5alloc3vec3VechENtB5_14IntoByteBuffer16into_byte_buffer
FN:79,_RNvXs0_NtCsiWUamAnYf7P_15loam_spine_core5typesNtB5_3DidINtNtCs9sjCchOt1K7_4core7convert4FromNtNtCs6bBekJvxEMJ_5alloc6string6StringE4from
FN:121,_RNvXs3_NtCsiWUamAnYf7P_15loam_spine_core5typesNtB5_9SignatureNtNtCs9sjCchOt1K7_4core7default7Default7default
FN:163,_RNvXs5_NtCsiWUamAnYf7P_15loam_spine_core5typesNtB5_9TimestampNtNtCs9sjCchOt1K7_4core7default7Default7default
FN:169,_RNvXs6_NtCsiWUamAnYf7P_15loam_spine_core5typesNtB5_9TimestampNtNtCs9sjCchOt1K7_4core3fmt7Display3fmt
FN:270,_RNvXsa_NtCsiWUamAnYf7P_15loam_spine_core5typesReNtB5_14IntoByteBuffer16into_byte_buffer
FN:280,_RNvNtNtCsiWUamAnYf7P_15loam_spine_core5types5testss_11did_display
FN:303,_RNvNtNtCsiWUamAnYf7P_15loam_spine_core5types5testss_13timestamp_now
FN:287,_RNvNtNtCsiWUamAnYf7P_15loam_spine_core5types5testss_15did_from_string
FN:293,_RNvNtNtCsiWUamAnYf7P_15loam_spine_core5types5testss_15signature_empty
FN:317,_RNvNtNtCsiWUamAnYf7P_15loam_spine_core5types5testss_16hash_bytes_works
FN:331,_RNvNtNtCsiWUamAnYf7P_15loam_spine_core5types5testss_19payload_ref_builder
FN:348,_RNvNtNtCsiWUamAnYf7P_15loam_spine_core5types5testss_20byte_buffer_from_vec
FN:310,_RNvNtNtCsiWUamAnYf7P_15loam_spine_core5types5testss_20timestamp_conversion
FN:355,_RNvNtNtCsiWUamAnYf7P_15loam_spine_core5types5testss_22byte_buffer_from_slice
FN:341,_RNvNtNtCsiWUamAnYf7P_15loam_spine_core5types5testss_23format_hash_short_works
FN:362,_RNvNtNtCsiWUamAnYf7P_15loam_spine_core5types5testss_27byte_buffer_zero_copy_slice
FN:61,_RINvMNtCsiWUamAnYf7P_15loam_spine_core5typesNtB3_3Did3newNtNtCs6bBekJvxEMJ_5alloc6string6StringEB5_
FN:61,_RINvMNtCsiWUamAnYf7P_15loam_spine_core5typesNtB3_3Did3newReEB5_
FN:198,_RINvMs7_NtCsiWUamAnYf7P_15loam_spine_core5typesNtB6_10PayloadRef14with_mime_typeReEB8_
FN:138,_RNCNvMs4_NtCsiWUamAnYf7P_15loam_spine_core5typesNtB7_9Timestamp3now0B9_
FN:220,_RNvNtNtCsiWUamAnYf7P_15loam_spine_core5types3hex6encode
FN:67,_RNvMNtCsiWUamAnYf7P_15loam_spine_core5typesNtB2_3Did6as_str
FN:97,_RNvMs2_NtCsiWUamAnYf7P_15loam_spine_core5typesNtB5_9Signature3new
FN:103,_RNvMs2_NtCsiWUamAnYf7P_15loam_spine_core5typesNtB5_9Signature5empty
FN:115,_RNvMs2_NtCsiWUamAnYf7P_15loam_spine_core5typesNtB5_9Signature8as_bytes
FN:109,_RNvMs2_NtCsiWUamAnYf7P_15loam_spine_core5typesNtB5_9Signature8is_empty
FN:145,_RNvMs4_NtCsiWUamAnYf7P_15loam_spine_core5typesNtB5_9Timestamp10from_nanos
FN:134,_RNvMs4_NtCsiWUamAnYf7P_15loam_spine_core5typesNtB5_9Timestamp3now
FN:157,_RNvMs4_NtCsiWUamAnYf7P_15loam_spine_core5typesNtB5_9Timestamp7as_secs
FN:151,_RNvMs4_NtCsiWUamAnYf7P_15loam_spine_core5typesNtB5_9Timestamp8as_nanos
FN:188,_RNvMs7_NtCsiWUamAnYf7P_15loam_spine_core5typesNtB5_10PayloadRef3new
FN:206,_RNvNtCsiWUamAnYf7P_15loam_spine_core5types10hash_bytes
FN:212,_RNvNtCsiWUamAnYf7P_15loam_spine_core5types17format_hash_short
FN:85,_RNvXs1_NtCsiWUamAnYf7P_15loam_spine_core5typesNtB5_3DidINtNtCs9sjCchOt1K7_4core7convert4FromReE4from
FN:264,_RNvXs9_NtCsiWUamAnYf7P_15loam_spine_core5typesRShNtB5_14IntoByteBuffer16into_byte_buffer
FN:73,_RNvXs_NtCsiWUamAnYf7P_15loam_spine_core5typesNtB4_3DidNtNtCs9sjCchOt1K7_4core3fmt7Display3fmt
FNDA:13,_RINvMNtCskrSqHInbZEk_15loam_spine_core5typesNtB3_3Did3newNtNtCs6bBekJvxEMJ_5alloc6string6StringECs30gg8f98xHa_15api_integration
FNDA:0,_RNvMNtCskrSqHInbZEk_15loam_spine_core5typesNtB2_3Did6as_str
FNDA:0,_RNvMs2_NtCskrSqHInbZEk_15loam_spine_core5typesNtB5_9Signature3new
FNDA:5199,_RNvMs2_NtCskrSqHInbZEk_15loam_spine_core5typesNtB5_9Signature5empty
FNDA:0,_RNvMs2_NtCskrSqHInbZEk_15loam_spine_core5typesNtB5_9Signature8as_bytes
FNDA:0,_RNvMs2_NtCskrSqHInbZEk_15loam_spine_core5typesNtB5_9Signature8is_empty
FNDA:0,_RNvMs4_NtCskrSqHInbZEk_15loam_spine_core5typesNtB5_9Timestamp10from_nanos
FNDA:14317,_RNvMs4_NtCskrSqHInbZEk_15loam_spine_core5typesNtB5_9Timestamp3now
FNDA:0,_RNvMs4_NtCskrSqHInbZEk_15loam_spine_core5typesNtB5_9Timestamp7as_secs
FNDA:0,_RNvMs4_NtCskrSqHInbZEk_15loam_spine_core5typesNtB5_9Timestamp8as_nanos
FNDA:0,_RNvMs7_NtCskrSqHInbZEk_15loam_spine_core5typesNtB5_10PayloadRef3new
FNDA:10403,_RNvNtCskrSqHInbZEk_15loam_spine_core5types10hash_bytes
FNDA:2,_RNvNtCskrSqHInbZEk_15loam_spine_core5types17format_hash_short
FNDA:0,_RNvXs0_NtCskrSqHInbZEk_15loam_spine_core5typesNtB5_3DidINtNtCs9sjCchOt1K7_4core7convert4FromNtNtCs6bBekJvxEMJ_5alloc6string6StringE4from
FNDA:0,_RNvXs1_NtCskrSqHInbZEk_15loam_spine_core5typesNtB5_3DidINtNtCs9sjCchOt1K7_4core7convert4FromReE4from
FNDA:0,_RNvXs3_NtCskrSqHInbZEk_15loam_spine_core5typesNtB5_9SignatureNtNtCs9sjCchOt1K7_4core7default7Default7default
FNDA:0,_RNvXs5_NtCskrSqHInbZEk_15loam_spine_core5typesNtB5_9TimestampNtNtCs9sjCchOt1K7_4core7default7Default7default
FNDA:0,_RNvXs6_NtCskrSqHInbZEk_15loam_spine_core5typesNtB5_9TimestampNtNtCs9sjCchOt1K7_4core3fmt7Display3fmt
FNDA:0,_RNvXs9_NtCskrSqHInbZEk_15loam_spine_core5typesRShNtB5_14IntoByteBuffer16into_byte_buffer
FNDA:0,_RNvXs_NtCskrSqHInbZEk_15loam_spine_core5typesNtB4_3DidNtNtCs9sjCchOt1K7_4core3fmt7Display3fmt
FNDA:0,_RNvXsa_NtCskrSqHInbZEk_15loam_spine_core5typesReNtB5_14IntoByteBuffer16into_byte_buffer
FNDA:2,_RNvNtNtCskrSqHInbZEk_15loam_spine_core5types3hex6encode
FNDA:14317,_RNCNvMs4_NtCskrSqHInbZEk_15loam_spine_core5typesNtB7_9Timestamp3now0B9_
FNDA:0,_RINvMNtCskrSqHInbZEk_15loam_spine_core5typesNtB3_3Did3newpEB5_
FNDA:0,_RINvMs7_NtCskrSqHInbZEk_15loam_spine_core5typesNtB6_10PayloadRef14with_mime_typepEB8_
FNDA:1450,_RINvMNtCskrSqHInbZEk_15loam_spine_core5typesNtB3_3Did3newNtNtCs6bBekJvxEMJ_5alloc6string6StringECsd5Jd4nU1YRX_5chaos
FNDA:25,_RINvMNtCskrSqHInbZEk_15loam_spine_core5typesNtB3_3Did3newReECsd5Jd4nU1YRX_5chaos
FNDA:0,_RINvMNtCskrSqHInbZEk_15loam_spine_core5typesNtB3_3Did3newNtNtCs6bBekJvxEMJ_5alloc6string6StringECsfPdauiQYI6e_22cli_signer_integration
FNDA:9,_RINvMNtCskrSqHInbZEk_15loam_spine_core5typesNtB3_3Did3newReECslk0Lj0FVdsD_3e2e
FNDA:22,_RINvMNtCskrSqHInbZEk_15loam_spine_core5typesNtB3_3Did3newReECs4S1xE8DPCBn_14loam_spine_api
FNDA:1,_RNvXs8_NtCsiWUamAnYf7P_15loam_spine_core5typesINtNtCs6bBekJvxEMJ_5alloc3vec3VechENtB5_14IntoByteBuffer16into_byte_buffer
FNDA:0,_RNvXs0_NtCsiWUamAnYf7P_15loam_spine_core5typesNtB5_3DidINtNtCs9sjCchOt1K7_4core7convert4FromNtNtCs6bBekJvxEMJ_5alloc6string6StringE4from
FNDA:0,_RNvXs3_NtCsiWUamAnYf7P_15loam_spine_core5typesNtB5_9SignatureNtNtCs9sjCchOt1K7_4core7default7Default7default
FNDA:0,_RNvXs5_NtCsiWUamAnYf7P_15loam_spine_core5typesNtB5_9TimestampNtNtCs9sjCchOt1K7_4core7default7Default7default
FNDA:0,_RNvXs6_NtCsiWUamAnYf7P_15loam_spine_core5typesNtB5_9TimestampNtNtCs9sjCchOt1K7_4core3fmt7Display3fmt
FNDA:0,_RNvXsa_NtCsiWUamAnYf7P_15loam_spine_core5typesReNtB5_14IntoByteBuffer16into_byte_buffer
FNDA:1,_RNvNtNtCsiWUamAnYf7P_15loam_spine_core5types5testss_11did_display
FNDA:1,_RNvNtNtCsiWUamAnYf7P_15loam_spine_core5types5testss_13timestamp_now
FNDA:1,_RNvNtNtCsiWUamAnYf7P_15loam_spine_core5types5testss_15did_from_string
FNDA:1,_RNvNtNtCsiWUamAnYf7P_15loam_spine_core5types5testss_15signature_empty
FNDA:1,_RNvNtNtCsiWUamAnYf7P_15loam_spine_core5types5testss_16hash_bytes_works
FNDA:1,_RNvNtNtCsiWUamAnYf7P_15loam_spine_core5types5testss_19payload_ref_builder
FNDA:1,_RNvNtNtCsiWUamAnYf7P_15loam_spine_core5types5testss_20byte_buffer_from_vec
FNDA:1,_RNvNtNtCsiWUamAnYf7P_15loam_spine_core5types5testss_20timestamp_conversion
FNDA:1,_RNvNtNtCsiWUamAnYf7P_15loam_spine_core5types5testss_22byte_buffer_from_slice
FNDA:1,_RNvNtNtCsiWUamAnYf7P_15loam_spine_core5types5testss_23format_hash_short_works
FNDA:1,_RNvNtNtCsiWUamAnYf7P_15loam_spine_core5types5testss_27byte_buffer_zero_copy_slice
FNDA:40,_RINvMNtCsiWUamAnYf7P_15loam_spine_core5typesNtB3_3Did3newNtNtCs6bBekJvxEMJ_5alloc6string6StringEB5_
FNDA:185,_RINvMNtCsiWUamAnYf7P_15loam_spine_core5typesNtB3_3Did3newReEB5_
FNDA:1,_RINvMs7_NtCsiWUamAnYf7P_15loam_spine_core5typesNtB6_10PayloadRef14with_mime_typeReEB8_
FNDA:1694,_RNCNvMs4_NtCsiWUamAnYf7P_15loam_spine_core5typesNtB7_9Timestamp3now0B9_
FNDA:1,_RNvNtNtCsiWUamAnYf7P_15loam_spine_core5types3hex6encode
FNDA:1,_RNvMNtCsiWUamAnYf7P_15loam_spine_core5typesNtB2_3Did6as_str
FNDA:13,_RNvMs2_NtCsiWUamAnYf7P_15loam_spine_core5typesNtB5_9Signature3new
FNDA:1325,_RNvMs2_NtCsiWUamAnYf7P_15loam_spine_core5typesNtB5_9Signature5empty
FNDA:1,_RNvMs2_NtCsiWUamAnYf7P_15loam_spine_core5typesNtB5_9Signature8as_bytes
FNDA:3,_RNvMs2_NtCsiWUamAnYf7P_15loam_spine_core5typesNtB5_9Signature8is_empty
FNDA:4,_RNvMs4_NtCsiWUamAnYf7P_15loam_spine_core5typesNtB5_9Timestamp10from_nanos
FNDA:1694,_RNvMs4_NtCsiWUamAnYf7P_15loam_spine_core5typesNtB5_9Timestamp3now
FNDA:2,_RNvMs4_NtCsiWUamAnYf7P_15loam_spine_core5typesNtB5_9Timestamp7as_secs
FNDA:7,_RNvMs4_NtCsiWUamAnYf7P_15loam_spine_core5typesNtB5_9Timestamp8as_nanos
FNDA:1,_RNvMs7_NtCsiWUamAnYf7P_15loam_spine_core5typesNtB5_10PayloadRef3new
FNDA:1551,_RNvNtCsiWUamAnYf7P_15loam_spine_core5types10hash_bytes
FNDA:1,_RNvNtCsiWUamAnYf7P_15loam_spine_core5types17format_hash_short
FNDA:1,_RNvXs1_NtCsiWUamAnYf7P_15loam_spine_core5typesNtB5_3DidINtNtCs9sjCchOt1K7_4core7convert4FromReE4from
FNDA:1,_RNvXs9_NtCsiWUamAnYf7P_15loam_spine_core5typesRShNtB5_14IntoByteBuffer16into_byte_buffer
FNDA:1,_RNvXs_NtCsiWUamAnYf7P_15loam_spine_core5typesNtB4_3DidNtNtCs9sjCchOt1K7_4core3fmt7Display3fmt
FNF:36
FNH:31
DA:61,1744
DA:62,1744
DA:63,1744
DA:67,1
DA:68,1
DA:69,1
DA:73,1
DA:74,1
DA:75,1
DA:79,0
DA:80,0
DA:81,0
DA:85,1
DA:86,1
DA:87,1
DA:97,13
DA:98,13
DA:99,13
DA:103,6524
DA:104,6524
DA:105,6524
DA:109,3
DA:110,3
DA:111,3
DA:115,1
DA:116,1
DA:117,1
DA:121,0
DA:122,0
DA:123,0
DA:134,16011
DA:135,16011
DA:136,16011
DA:137,16011
DA:138,16011
DA:139,16011
DA:140,16011
DA:141,16011
DA:145,4
DA:146,4
DA:147,4
DA:151,7
DA:152,7
DA:153,7
DA:157,2
DA:158,2
DA:159,2
DA:163,0
DA:164,0
DA:165,0
DA:169,0
DA:170,0
DA:171,0
DA:188,1
DA:189,1
DA:190,1
DA:191,1
DA:192,1
DA:193,1
DA:194,1
DA:198,1
DA:199,1
DA:200,1
DA:201,1
DA:206,11954
DA:207,11954
DA:208,11954
DA:212,3
DA:213,3
DA:214,3
DA:220,3
DA:221,3
DA:222,27
DA:223,24
DA:224,24
DA:225,24
DA:226,3
DA:227,3
DA:258,1
DA:259,1
DA:260,1
DA:264,1
DA:265,1
DA:266,1
DA:270,0
DA:271,0
DA:272,0
DA:280,1
DA:281,1
DA:282,1
DA:283,1
DA:284,1
DA:287,1
DA:288,1
DA:289,1
DA:290,1
DA:293,1
DA:294,1
DA:295,1
DA:297,1
DA:298,1
DA:299,1
DA:300,1
DA:303,1
DA:304,1
DA:305,1
DA:306,1
DA:307,1
DA:310,1
DA:311,1
DA:312,1
DA:313,1
DA:314,1
DA:317,1
DA:318,1
DA:319,1
DA:322,1
DA:323,1
DA:326,1
DA:327,1
DA:328,1
DA:331,1
DA:332,1
DA:333,1
DA:334,1
DA:335,1
DA:336,1
DA:337,1
DA:338,1
DA:341,1
DA:342,1
DA:343,1
DA:344,1
DA:345,1
DA:348,1
DA:349,1
DA:350,1
DA:351,1
DA:352,1
DA:355,1
DA:356,1
DA:357,1
DA:358,1
DA:359,1
DA:362,1
DA:363,1
DA:364,1
DA:365,1
DA:367,1
DA:368,1
DA:369,1
BRF:0
BRH:0
LF:152
LH:137
end_of_record